20:38:56 INFO  : Registering command handlers for SDK TCF services
20:39:01 INFO  : Launching XSCT server: xsct.bat -interactive G:\myLab\SDK\NEON\temp_xsdb_launch_script.tcl
20:39:14 INFO  : XSCT server has started successfully.
20:39:46 INFO  : Successfully done setting XSCT server connection channel  
20:39:47 INFO  : Successfully done setting SDK workspace  
22:03:06 INFO  : Connected to target on host '127.0.0.1' and port '3121'.
22:03:29 INFO  : ----------------XSDB Script----------------
connect -url tcp:127.0.0.1:3121
----------------End of Script----------------

22:03:35 INFO  : Connected to target on host '127.0.0.1' and port '3121'.
22:03:53 INFO  : ----------------XSDB Script----------------
connect -url tcp:127.0.0.1:3121
----------------End of Script----------------

22:04:38 INFO  : Connected to target on host '127.0.0.1' and port '3121'.
22:04:39 INFO  : Jtag cable 'Platform Cable USB II 000018eaf66101' is selected.
22:04:39 INFO  : 'jtag frequency' command is executed.
22:04:39 INFO  : Sourcing of 'G:/myLab/SDK/NEON/zed_hw_platform/ps7_init.tcl' is done.
22:04:39 INFO  : Context for 'APU' is selected.
22:04:40 INFO  : System reset is completed.
22:04:43 INFO  : 'after 3000' command is executed.
22:04:43 INFO  : Context for 'APU' is selected.
22:04:43 INFO  : Hardware design information is loaded from 'G:/myLab/SDK/NEON/zed_hw_platform/system.hdf'.
22:04:43 INFO  : 'configparams force-mem-access 1' command is executed.
22:04:43 INFO  : Context for 'APU' is selected.
22:04:44 INFO  : 'ps7_init' command is executed.
22:04:44 INFO  : 'ps7_post_config' command is executed.
22:04:44 INFO  : Context for processor 'ps7_cortexa9_0' is selected.
22:04:45 INFO  : The application 'G:/myLab/SDK/NEON/Neon/Debug/Neon.elf' is downloaded to processor 'ps7_cortexa9_0'.
22:04:45 INFO  : 'configparams force-mem-access 0' command is executed.
22:04:45 INFO  : ----------------XSDB Script----------------
connect -url tcp:127.0.0.1:3121
source G:/myLab/SDK/NEON/zed_hw_platform/ps7_init.tcl
targets -set -nocase -filter {name =~"APU*" && jtag_cable_name =~ "Platform Cable USB II 000018eaf66101"} -index 0
rst -system
after 3000
targets -set -nocase -filter {name =~"APU*" && jtag_cable_name =~ "Platform Cable USB II 000018eaf66101"} -index 0
loadhw -hw G:/myLab/SDK/NEON/zed_hw_platform/system.hdf -mem-ranges [list {0x40000000 0xbfffffff}]
configparams force-mem-access 1
targets -set -nocase -filter {name =~"APU*" && jtag_cable_name =~ "Platform Cable USB II 000018eaf66101"} -index 0
ps7_init
ps7_post_config
targets -set -nocase -filter {name =~ "ARM*#0" && jtag_cable_name =~ "Platform Cable USB II 000018eaf66101"} -index 0
dow G:/myLab/SDK/NEON/Neon/Debug/Neon.elf
configparams force-mem-access 0
----------------End of Script----------------

22:04:46 INFO  : Context for processor 'ps7_cortexa9_0' is selected.
22:04:46 INFO  : 'con' command is executed.
22:04:46 INFO  : ----------------XSDB Script (After Launch)----------------
targets -set -nocase -filter {name =~ "ARM*#0" && jtag_cable_name =~ "Platform Cable USB II 000018eaf66101"} -index 0
con
----------------End of Script----------------

22:04:46 INFO  : Launch script is exported to file 'G:\myLab\SDK\NEON\.sdk\launch_scripts\xilinx_c-c++_application_(system_debugger)\system_debugger_on_local.tcl'
22:06:06 INFO  : Disconnected from the channel tcfchan#1.
22:06:48 INFO  : Connected to target on host '127.0.0.1' and port '3121'.
22:06:49 INFO  : Jtag cable 'Platform Cable USB II 000018eaf66101' is selected.
22:06:49 INFO  : 'jtag frequency' command is executed.
22:06:49 INFO  : Sourcing of 'G:/myLab/SDK/NEON/zed_hw_platform/ps7_init.tcl' is done.
22:06:49 INFO  : Context for 'APU' is selected.
22:06:49 INFO  : Hardware design information is loaded from 'G:/myLab/SDK/NEON/zed_hw_platform/system.hdf'.
22:06:49 INFO  : 'configparams force-mem-access 1' command is executed.
22:06:49 INFO  : Context for 'APU' is selected.
22:06:50 INFO  : 'stop' command is executed.
22:06:57 INFO  : 'ps7_init' command is executed.
22:06:57 INFO  : Context for processor 'ps7_cortexa9_0' is selected.
22:06:57 INFO  : Processor reset is completed for 'ps7_cortexa9_0'.
22:06:57 INFO  : Context for processor 'ps7_cortexa9_0' is selected.
22:07:00 ERROR : Memory write error at 0x100000. APB AP transaction error, DAP status f0000021
22:07:00 INFO  : ----------------XSDB Script----------------
connect -url tcp:127.0.0.1:3121
source G:/myLab/SDK/NEON/zed_hw_platform/ps7_init.tcl
targets -set -nocase -filter {name =~"APU*" && jtag_cable_name =~ "Platform Cable USB II 000018eaf66101"} -index 0
loadhw -hw G:/myLab/SDK/NEON/zed_hw_platform/system.hdf -mem-ranges [list {0x40000000 0xbfffffff}]
configparams force-mem-access 1
targets -set -nocase -filter {name =~"APU*" && jtag_cable_name =~ "Platform Cable USB II 000018eaf66101"} -index 0
stop
ps7_init
targets -set -nocase -filter {name =~ "ARM*#0" && jtag_cable_name =~ "Platform Cable USB II 000018eaf66101"} -index 0
rst -processor
targets -set -nocase -filter {name =~ "ARM*#0" && jtag_cable_name =~ "Platform Cable USB II 000018eaf66101"} -index 0
dow G:/myLab/SDK/NEON/Neon/Debug/Neon.elf
----------------End of Script----------------

22:07:09 INFO  : Connected to target on host '127.0.0.1' and port '3121'.
22:07:09 INFO  : Jtag cable 'Platform Cable USB II 000018eaf66101' is selected.
22:07:09 INFO  : 'jtag frequency' command is executed.
22:07:09 INFO  : Sourcing of 'G:/myLab/SDK/NEON/zed_hw_platform/ps7_init.tcl' is done.
22:07:09 INFO  : Context for 'APU' is selected.
22:07:09 INFO  : Hardware design information is loaded from 'G:/myLab/SDK/NEON/zed_hw_platform/system.hdf'.
22:07:09 INFO  : 'configparams force-mem-access 1' command is executed.
22:07:10 INFO  : Context for 'APU' is selected.
22:07:10 INFO  : 'stop' command is executed.
22:07:10 ERROR : AP transaction error, DAP status f0000021
22:07:10 INFO  : ----------------XSDB Script----------------
connect -url tcp:127.0.0.1:3121
source G:/myLab/SDK/NEON/zed_hw_platform/ps7_init.tcl
targets -set -nocase -filter {name =~"APU*" && jtag_cable_name =~ "Platform Cable USB II 000018eaf66101"} -index 0
loadhw -hw G:/myLab/SDK/NEON/zed_hw_platform/system.hdf -mem-ranges [list {0x40000000 0xbfffffff}]
configparams force-mem-access 1
targets -set -nocase -filter {name =~"APU*" && jtag_cable_name =~ "Platform Cable USB II 000018eaf66101"} -index 0
stop
ps7_init
----------------End of Script----------------

22:07:19 INFO  : Connected to target on host '127.0.0.1' and port '3121'.
22:07:20 INFO  : Jtag cable 'Platform Cable USB II 000018eaf66101' is selected.
22:07:20 INFO  : 'jtag frequency' command is executed.
22:07:20 INFO  : Sourcing of 'G:/myLab/SDK/NEON/zed_hw_platform/ps7_init.tcl' is done.
22:07:20 INFO  : Context for 'APU' is selected.
22:07:20 INFO  : Hardware design information is loaded from 'G:/myLab/SDK/NEON/zed_hw_platform/system.hdf'.
22:07:20 INFO  : 'configparams force-mem-access 1' command is executed.
22:07:20 INFO  : Context for 'APU' is selected.
22:07:20 INFO  : 'stop' command is executed.
22:07:22 INFO  : 'ps7_init' command is executed.
22:07:22 INFO  : Context for processor 'ps7_cortexa9_0' is selected.
22:07:22 INFO  : Processor reset is completed for 'ps7_cortexa9_0'.
22:07:22 INFO  : Context for processor 'ps7_cortexa9_0' is selected.
22:07:23 INFO  : The application 'G:/myLab/SDK/NEON/Neon/Debug/Neon.elf' is downloaded to processor 'ps7_cortexa9_0'.
22:07:23 INFO  : 'configparams force-mem-access 0' command is executed.
22:07:23 INFO  : ----------------XSDB Script----------------
connect -url tcp:127.0.0.1:3121
source G:/myLab/SDK/NEON/zed_hw_platform/ps7_init.tcl
targets -set -nocase -filter {name =~"APU*" && jtag_cable_name =~ "Platform Cable USB II 000018eaf66101"} -index 0
loadhw -hw G:/myLab/SDK/NEON/zed_hw_platform/system.hdf -mem-ranges [list {0x40000000 0xbfffffff}]
configparams force-mem-access 1
targets -set -nocase -filter {name =~"APU*" && jtag_cable_name =~ "Platform Cable USB II 000018eaf66101"} -index 0
stop
ps7_init
targets -set -nocase -filter {name =~ "ARM*#0" && jtag_cable_name =~ "Platform Cable USB II 000018eaf66101"} -index 0
rst -processor
targets -set -nocase -filter {name =~ "ARM*#0" && jtag_cable_name =~ "Platform Cable USB II 000018eaf66101"} -index 0
dow G:/myLab/SDK/NEON/Neon/Debug/Neon.elf
configparams force-mem-access 0
----------------End of Script----------------

22:07:23 INFO  : Context for processor 'ps7_cortexa9_0' is selected.
22:07:23 INFO  : 'con' command is executed.
22:07:23 INFO  : ----------------XSDB Script (After Launch)----------------
targets -set -nocase -filter {name =~ "ARM*#0" && jtag_cable_name =~ "Platform Cable USB II 000018eaf66101"} -index 0
con
----------------End of Script----------------

22:07:23 INFO  : Launch script is exported to file 'G:\myLab\SDK\NEON\.sdk\launch_scripts\xilinx_c-c++_application_(system_debugger)\system_debugger_on_local.tcl'
22:08:08 INFO  : Disconnected from the channel tcfchan#2.
22:08:26 INFO  : Connected to target on host '127.0.0.1' and port '3121'.
22:08:27 INFO  : Jtag cable 'Platform Cable USB II 000018eaf66101' is selected.
22:08:27 INFO  : 'jtag frequency' command is executed.
22:08:27 INFO  : Sourcing of 'G:/myLab/SDK/NEON/zed_hw_platform/ps7_init.tcl' is done.
22:08:27 INFO  : Context for 'APU' is selected.
22:08:27 INFO  : Hardware design information is loaded from 'G:/myLab/SDK/NEON/zed_hw_platform/system.hdf'.
22:08:27 INFO  : 'configparams force-mem-access 1' command is executed.
22:08:27 INFO  : Context for 'APU' is selected.
22:08:27 INFO  : 'stop' command is executed.
22:08:28 INFO  : 'ps7_init' command is executed.
22:08:28 INFO  : Context for processor 'ps7_cortexa9_0' is selected.
22:08:29 INFO  : Processor reset is completed for 'ps7_cortexa9_0'.
22:08:29 INFO  : Context for processor 'ps7_cortexa9_0' is selected.
22:08:29 INFO  : The application 'G:/myLab/SDK/NEON/Neon/Debug/Neon.elf' is downloaded to processor 'ps7_cortexa9_0'.
22:08:29 INFO  : 'configparams force-mem-access 0' command is executed.
22:08:29 INFO  : ----------------XSDB Script----------------
connect -url tcp:127.0.0.1:3121
source G:/myLab/SDK/NEON/zed_hw_platform/ps7_init.tcl
targets -set -nocase -filter {name =~"APU*" && jtag_cable_name =~ "Platform Cable USB II 000018eaf66101"} -index 0
loadhw -hw G:/myLab/SDK/NEON/zed_hw_platform/system.hdf -mem-ranges [list {0x40000000 0xbfffffff}]
configparams force-mem-access 1
targets -set -nocase -filter {name =~"APU*" && jtag_cable_name =~ "Platform Cable USB II 000018eaf66101"} -index 0
stop
ps7_init
targets -set -nocase -filter {name =~ "ARM*#0" && jtag_cable_name =~ "Platform Cable USB II 000018eaf66101"} -index 0
rst -processor
targets -set -nocase -filter {name =~ "ARM*#0" && jtag_cable_name =~ "Platform Cable USB II 000018eaf66101"} -index 0
dow G:/myLab/SDK/NEON/Neon/Debug/Neon.elf
configparams force-mem-access 0
----------------End of Script----------------

22:08:29 INFO  : Context for processor 'ps7_cortexa9_0' is selected.
22:08:30 INFO  : 'con' command is executed.
22:08:30 INFO  : ----------------XSDB Script (After Launch)----------------
targets -set -nocase -filter {name =~ "ARM*#0" && jtag_cable_name =~ "Platform Cable USB II 000018eaf66101"} -index 0
con
----------------End of Script----------------

22:08:30 INFO  : Launch script is exported to file 'G:\myLab\SDK\NEON\.sdk\launch_scripts\xilinx_c-c++_application_(system_debugger)\system_debugger_on_local.tcl'
22:08:36 INFO  : Disconnected from the channel tcfchan#3.
22:10:10 INFO  : Connected to target on host '127.0.0.1' and port '3121'.
22:10:10 INFO  : Jtag cable 'Platform Cable USB II 000018eaf66101' is selected.
22:10:10 INFO  : 'jtag frequency' command is executed.
22:10:10 INFO  : Sourcing of 'G:/myLab/SDK/NEON/zed_hw_platform/ps7_init.tcl' is done.
22:10:10 INFO  : Context for 'APU' is selected.
22:10:10 INFO  : Hardware design information is loaded from 'G:/myLab/SDK/NEON/zed_hw_platform/system.hdf'.
22:10:11 INFO  : 'configparams force-mem-access 1' command is executed.
22:10:11 INFO  : Context for 'APU' is selected.
22:10:11 INFO  : 'stop' command is executed.
22:10:12 INFO  : 'ps7_init' command is executed.
22:10:12 INFO  : Context for processor 'ps7_cortexa9_0' is selected.
22:10:12 INFO  : Processor reset is completed for 'ps7_cortexa9_0'.
22:10:12 INFO  : Context for processor 'ps7_cortexa9_0' is selected.
22:10:13 INFO  : The application 'G:/myLab/SDK/NEON/Neon/Debug/Neon.elf' is downloaded to processor 'ps7_cortexa9_0'.
22:10:13 INFO  : 'configparams force-mem-access 0' command is executed.
22:10:13 INFO  : ----------------XSDB Script----------------
connect -url tcp:127.0.0.1:3121
source G:/myLab/SDK/NEON/zed_hw_platform/ps7_init.tcl
targets -set -nocase -filter {name =~"APU*" && jtag_cable_name =~ "Platform Cable USB II 000018eaf66101"} -index 0
loadhw -hw G:/myLab/SDK/NEON/zed_hw_platform/system.hdf -mem-ranges [list {0x40000000 0xbfffffff}]
configparams force-mem-access 1
targets -set -nocase -filter {name =~"APU*" && jtag_cable_name =~ "Platform Cable USB II 000018eaf66101"} -index 0
stop
ps7_init
targets -set -nocase -filter {name =~ "ARM*#0" && jtag_cable_name =~ "Platform Cable USB II 000018eaf66101"} -index 0
rst -processor
targets -set -nocase -filter {name =~ "ARM*#0" && jtag_cable_name =~ "Platform Cable USB II 000018eaf66101"} -index 0
dow G:/myLab/SDK/NEON/Neon/Debug/Neon.elf
configparams force-mem-access 0
----------------End of Script----------------

22:10:13 INFO  : Context for processor 'ps7_cortexa9_0' is selected.
22:10:13 INFO  : 'con' command is executed.
22:10:13 INFO  : ----------------XSDB Script (After Launch)----------------
targets -set -nocase -filter {name =~ "ARM*#0" && jtag_cable_name =~ "Platform Cable USB II 000018eaf66101"} -index 0
con
----------------End of Script----------------

22:10:13 INFO  : Launch script is exported to file 'G:\myLab\SDK\NEON\.sdk\launch_scripts\xilinx_c-c++_application_(system_debugger)\system_debugger_on_local.tcl'
22:10:35 INFO  : Disconnected from the channel tcfchan#4.
22:13:23 INFO  : Connected to target on host '127.0.0.1' and port '3121'.
22:13:24 INFO  : Jtag cable 'Platform Cable USB II 000018eaf66101' is selected.
22:13:24 INFO  : 'jtag frequency' command is executed.
22:13:24 INFO  : Sourcing of 'G:/myLab/SDK/NEON/zed_hw_platform/ps7_init.tcl' is done.
22:13:24 INFO  : Context for 'APU' is selected.
22:13:24 INFO  : Hardware design information is loaded from 'G:/myLab/SDK/NEON/zed_hw_platform/system.hdf'.
22:13:24 INFO  : 'configparams force-mem-access 1' command is executed.
22:13:24 INFO  : Context for 'APU' is selected.
22:13:24 INFO  : 'stop' command is executed.
22:13:25 INFO  : 'ps7_init' command is executed.
22:13:25 INFO  : Context for processor 'ps7_cortexa9_0' is selected.
22:13:25 INFO  : Processor reset is completed for 'ps7_cortexa9_0'.
22:13:25 INFO  : Context for processor 'ps7_cortexa9_0' is selected.
22:13:26 INFO  : The application 'G:/myLab/SDK/NEON/Neon/Debug/Neon.elf' is downloaded to processor 'ps7_cortexa9_0'.
22:13:26 INFO  : 'configparams force-mem-access 0' command is executed.
22:13:26 INFO  : ----------------XSDB Script----------------
connect -url tcp:127.0.0.1:3121
source G:/myLab/SDK/NEON/zed_hw_platform/ps7_init.tcl
targets -set -nocase -filter {name =~"APU*" && jtag_cable_name =~ "Platform Cable USB II 000018eaf66101"} -index 0
loadhw -hw G:/myLab/SDK/NEON/zed_hw_platform/system.hdf -mem-ranges [list {0x40000000 0xbfffffff}]
configparams force-mem-access 1
targets -set -nocase -filter {name =~"APU*" && jtag_cable_name =~ "Platform Cable USB II 000018eaf66101"} -index 0
stop
ps7_init
targets -set -nocase -filter {name =~ "ARM*#0" && jtag_cable_name =~ "Platform Cable USB II 000018eaf66101"} -index 0
rst -processor
targets -set -nocase -filter {name =~ "ARM*#0" && jtag_cable_name =~ "Platform Cable USB II 000018eaf66101"} -index 0
dow G:/myLab/SDK/NEON/Neon/Debug/Neon.elf
configparams force-mem-access 0
----------------End of Script----------------

22:13:26 INFO  : Context for processor 'ps7_cortexa9_0' is selected.
22:13:26 INFO  : 'con' command is executed.
22:13:26 INFO  : ----------------XSDB Script (After Launch)----------------
targets -set -nocase -filter {name =~ "ARM*#0" && jtag_cable_name =~ "Platform Cable USB II 000018eaf66101"} -index 0
con
----------------End of Script----------------

22:13:26 INFO  : Launch script is exported to file 'G:\myLab\SDK\NEON\.sdk\launch_scripts\xilinx_c-c++_application_(system_debugger)\system_debugger_on_local.tcl'
22:13:46 INFO  : Disconnected from the channel tcfchan#5.
22:29:36 INFO  : Connected to target on host '127.0.0.1' and port '3121'.
22:29:37 INFO  : Jtag cable 'Platform Cable USB II 000018eaf66101' is selected.
22:29:37 INFO  : 'jtag frequency' command is executed.
22:29:37 INFO  : Sourcing of 'G:/myLab/SDK/NEON/zed_hw_platform/ps7_init.tcl' is done.
22:29:37 INFO  : Context for 'APU' is selected.
22:29:37 INFO  : Hardware design information is loaded from 'G:/myLab/SDK/NEON/zed_hw_platform/system.hdf'.
22:29:37 INFO  : 'configparams force-mem-access 1' command is executed.
22:29:37 INFO  : Context for 'APU' is selected.
22:29:37 INFO  : 'stop' command is executed.
22:29:38 INFO  : 'ps7_init' command is executed.
22:29:39 INFO  : Context for processor 'ps7_cortexa9_0' is selected.
22:29:39 INFO  : Processor reset is completed for 'ps7_cortexa9_0'.
22:29:39 INFO  : Context for processor 'ps7_cortexa9_0' is selected.
22:29:39 INFO  : The application 'G:/myLab/SDK/NEON/Neon/Debug/Neon.elf' is downloaded to processor 'ps7_cortexa9_0'.
22:29:39 INFO  : 'configparams force-mem-access 0' command is executed.
22:29:39 INFO  : ----------------XSDB Script----------------
connect -url tcp:127.0.0.1:3121
source G:/myLab/SDK/NEON/zed_hw_platform/ps7_init.tcl
targets -set -nocase -filter {name =~"APU*" && jtag_cable_name =~ "Platform Cable USB II 000018eaf66101"} -index 0
loadhw -hw G:/myLab/SDK/NEON/zed_hw_platform/system.hdf -mem-ranges [list {0x40000000 0xbfffffff}]
configparams force-mem-access 1
targets -set -nocase -filter {name =~"APU*" && jtag_cable_name =~ "Platform Cable USB II 000018eaf66101"} -index 0
stop
ps7_init
targets -set -nocase -filter {name =~ "ARM*#0" && jtag_cable_name =~ "Platform Cable USB II 000018eaf66101"} -index 0
rst -processor
targets -set -nocase -filter {name =~ "ARM*#0" && jtag_cable_name =~ "Platform Cable USB II 000018eaf66101"} -index 0
dow G:/myLab/SDK/NEON/Neon/Debug/Neon.elf
configparams force-mem-access 0
----------------End of Script----------------

22:29:40 INFO  : Context for processor 'ps7_cortexa9_0' is selected.
22:29:40 INFO  : 'con' command is executed.
22:29:40 INFO  : ----------------XSDB Script (After Launch)----------------
targets -set -nocase -filter {name =~ "ARM*#0" && jtag_cable_name =~ "Platform Cable USB II 000018eaf66101"} -index 0
con
----------------End of Script----------------

22:29:40 INFO  : Launch script is exported to file 'G:\myLab\SDK\NEON\.sdk\launch_scripts\xilinx_c-c++_application_(system_debugger)\system_debugger_on_local.tcl'
22:30:36 INFO  : Disconnected from the channel tcfchan#6.
22:31:10 INFO  : Connected to target on host '127.0.0.1' and port '3121'.
22:31:11 INFO  : Jtag cable 'Platform Cable USB II 000018eaf66101' is selected.
22:31:11 INFO  : 'jtag frequency' command is executed.
22:31:11 INFO  : Sourcing of 'G:/myLab/SDK/NEON/zed_hw_platform/ps7_init.tcl' is done.
22:31:11 INFO  : Context for 'APU' is selected.
22:31:11 INFO  : Hardware design information is loaded from 'G:/myLab/SDK/NEON/zed_hw_platform/system.hdf'.
22:31:11 INFO  : 'configparams force-mem-access 1' command is executed.
22:31:11 INFO  : Context for 'APU' is selected.
22:31:11 INFO  : 'stop' command is executed.
22:31:12 INFO  : 'ps7_init' command is executed.
22:31:12 INFO  : Context for processor 'ps7_cortexa9_0' is selected.
22:31:13 INFO  : Processor reset is completed for 'ps7_cortexa9_0'.
22:31:13 INFO  : Context for processor 'ps7_cortexa9_0' is selected.
22:31:13 INFO  : The application 'G:/myLab/SDK/NEON/Neon/Debug/Neon.elf' is downloaded to processor 'ps7_cortexa9_0'.
22:31:13 INFO  : 'configparams force-mem-access 0' command is executed.
22:31:13 INFO  : ----------------XSDB Script----------------
connect -url tcp:127.0.0.1:3121
source G:/myLab/SDK/NEON/zed_hw_platform/ps7_init.tcl
targets -set -nocase -filter {name =~"APU*" && jtag_cable_name =~ "Platform Cable USB II 000018eaf66101"} -index 0
loadhw -hw G:/myLab/SDK/NEON/zed_hw_platform/system.hdf -mem-ranges [list {0x40000000 0xbfffffff}]
configparams force-mem-access 1
targets -set -nocase -filter {name =~"APU*" && jtag_cable_name =~ "Platform Cable USB II 000018eaf66101"} -index 0
stop
ps7_init
targets -set -nocase -filter {name =~ "ARM*#0" && jtag_cable_name =~ "Platform Cable USB II 000018eaf66101"} -index 0
rst -processor
targets -set -nocase -filter {name =~ "ARM*#0" && jtag_cable_name =~ "Platform Cable USB II 000018eaf66101"} -index 0
dow G:/myLab/SDK/NEON/Neon/Debug/Neon.elf
configparams force-mem-access 0
----------------End of Script----------------

22:31:13 INFO  : Context for processor 'ps7_cortexa9_0' is selected.
22:31:14 INFO  : 'con' command is executed.
22:31:14 INFO  : ----------------XSDB Script (After Launch)----------------
targets -set -nocase -filter {name =~ "ARM*#0" && jtag_cable_name =~ "Platform Cable USB II 000018eaf66101"} -index 0
con
----------------End of Script----------------

22:31:14 INFO  : Launch script is exported to file 'G:\myLab\SDK\NEON\.sdk\launch_scripts\xilinx_c-c++_application_(system_debugger)\system_debugger_on_local.tcl'
22:31:31 INFO  : Disconnected from the channel tcfchan#7.
12:03:01 INFO  : Registering command handlers for SDK TCF services
12:03:05 INFO  : Launching XSCT server: xsct.bat -interactive G:\myLab\SDK\NEON\temp_xsdb_launch_script.tcl
12:03:12 INFO  : XSCT server has started successfully.
12:03:46 INFO  : Successfully done setting XSCT server connection channel  
12:03:46 INFO  : Successfully done setting SDK workspace  
12:08:28 INFO  : Connected to target on host '127.0.0.1' and port '3121'.
12:08:40 INFO  : ----------------XSDB Script----------------
connect -url tcp:127.0.0.1:3121
----------------End of Script----------------

12:08:44 INFO  : Connected to target on host '127.0.0.1' and port '3121'.
12:08:45 INFO  : Jtag cable 'Platform Cable USB II 000018eaf66101' is selected.
12:08:45 INFO  : 'jtag frequency' command is executed.
12:08:45 INFO  : Sourcing of 'G:/myLab/SDK/NEON/zed_hw_platform/ps7_init.tcl' is done.
12:08:45 INFO  : Context for 'APU' is selected.
12:08:45 INFO  : Hardware design information is loaded from 'G:/myLab/SDK/NEON/zed_hw_platform/system.hdf'.
12:08:45 INFO  : 'configparams force-mem-access 1' command is executed.
12:08:45 INFO  : Context for 'APU' is selected.
12:08:45 INFO  : 'stop' command is executed.
12:08:46 INFO  : 'ps7_init' command is executed.
12:08:46 INFO  : Context for processor 'ps7_cortexa9_0' is selected.
12:08:46 INFO  : Processor reset is completed for 'ps7_cortexa9_0'.
12:08:46 INFO  : Context for processor 'ps7_cortexa9_0' is selected.
12:08:47 INFO  : The application 'G:/myLab/SDK/NEON/Neon/Debug/Neon.elf' is downloaded to processor 'ps7_cortexa9_0'.
12:08:47 INFO  : 'configparams force-mem-access 0' command is executed.
12:08:47 INFO  : ----------------XSDB Script----------------
connect -url tcp:127.0.0.1:3121
source G:/myLab/SDK/NEON/zed_hw_platform/ps7_init.tcl
targets -set -nocase -filter {name =~"APU*" && jtag_cable_name =~ "Platform Cable USB II 000018eaf66101"} -index 0
loadhw -hw G:/myLab/SDK/NEON/zed_hw_platform/system.hdf -mem-ranges [list {0x40000000 0xbfffffff}]
configparams force-mem-access 1
targets -set -nocase -filter {name =~"APU*" && jtag_cable_name =~ "Platform Cable USB II 000018eaf66101"} -index 0
stop
ps7_init
targets -set -nocase -filter {name =~ "ARM*#0" && jtag_cable_name =~ "Platform Cable USB II 000018eaf66101"} -index 0
rst -processor
targets -set -nocase -filter {name =~ "ARM*#0" && jtag_cable_name =~ "Platform Cable USB II 000018eaf66101"} -index 0
dow G:/myLab/SDK/NEON/Neon/Debug/Neon.elf
configparams force-mem-access 0
----------------End of Script----------------

12:08:48 INFO  : Context for processor 'ps7_cortexa9_0' is selected.
12:08:48 INFO  : 'con' command is executed.
12:08:48 INFO  : ----------------XSDB Script (After Launch)----------------
targets -set -nocase -filter {name =~ "ARM*#0" && jtag_cable_name =~ "Platform Cable USB II 000018eaf66101"} -index 0
con
----------------End of Script----------------

12:08:48 INFO  : Launch script is exported to file 'G:\myLab\SDK\NEON\.sdk\launch_scripts\xilinx_c-c++_application_(system_debugger)\system_debugger_on_local.tcl'
12:09:09 INFO  : Disconnected from the channel tcfchan#1.
12:09:36 INFO  : Connected to target on host '127.0.0.1' and port '3121'.
12:09:37 INFO  : Jtag cable 'Platform Cable USB II 000018eaf66101' is selected.
12:09:37 INFO  : 'jtag frequency' command is executed.
12:09:37 INFO  : Sourcing of 'G:/myLab/SDK/NEON/zed_hw_platform/ps7_init.tcl' is done.
12:09:37 INFO  : Context for 'APU' is selected.
12:09:41 INFO  : Hardware design information is loaded from 'G:/myLab/SDK/NEON/zed_hw_platform/system.hdf'.
12:09:41 INFO  : 'configparams force-mem-access 1' command is executed.
12:09:41 INFO  : Context for 'APU' is selected.
12:09:41 INFO  : 'stop' command is executed.
12:09:42 INFO  : 'ps7_init' command is executed.
12:09:42 INFO  : Context for processor 'ps7_cortexa9_0' is selected.
12:09:42 INFO  : Processor reset is completed for 'ps7_cortexa9_0'.
12:09:42 INFO  : Context for processor 'ps7_cortexa9_0' is selected.
12:09:42 INFO  : The application 'G:/myLab/SDK/NEON/Neon/Debug/Neon.elf' is downloaded to processor 'ps7_cortexa9_0'.
12:09:42 INFO  : 'configparams force-mem-access 0' command is executed.
12:09:42 INFO  : ----------------XSDB Script----------------
connect -url tcp:127.0.0.1:3121
source G:/myLab/SDK/NEON/zed_hw_platform/ps7_init.tcl
targets -set -nocase -filter {name =~"APU*" && jtag_cable_name =~ "Platform Cable USB II 000018eaf66101"} -index 0
loadhw -hw G:/myLab/SDK/NEON/zed_hw_platform/system.hdf -mem-ranges [list {0x40000000 0xbfffffff}]
configparams force-mem-access 1
targets -set -nocase -filter {name =~"APU*" && jtag_cable_name =~ "Platform Cable USB II 000018eaf66101"} -index 0
stop
ps7_init
targets -set -nocase -filter {name =~ "ARM*#0" && jtag_cable_name =~ "Platform Cable USB II 000018eaf66101"} -index 0
rst -processor
targets -set -nocase -filter {name =~ "ARM*#0" && jtag_cable_name =~ "Platform Cable USB II 000018eaf66101"} -index 0
dow G:/myLab/SDK/NEON/Neon/Debug/Neon.elf
configparams force-mem-access 0
----------------End of Script----------------

12:09:43 INFO  : Context for processor 'ps7_cortexa9_0' is selected.
12:09:43 INFO  : 'con' command is executed.
12:09:43 INFO  : ----------------XSDB Script (After Launch)----------------
targets -set -nocase -filter {name =~ "ARM*#0" && jtag_cable_name =~ "Platform Cable USB II 000018eaf66101"} -index 0
con
----------------End of Script----------------

12:09:43 INFO  : Launch script is exported to file 'G:\myLab\SDK\NEON\.sdk\launch_scripts\xilinx_c-c++_application_(system_debugger)\system_debugger_on_local.tcl'
12:11:32 INFO  : Disconnected from the channel tcfchan#2.
12:13:06 INFO  : Connected to target on host '127.0.0.1' and port '3121'.
12:13:07 INFO  : Jtag cable 'Platform Cable USB II 000018eaf66101' is selected.
12:13:07 INFO  : 'jtag frequency' command is executed.
12:13:07 INFO  : Sourcing of 'G:/myLab/SDK/NEON/zed_hw_platform/ps7_init.tcl' is done.
12:13:07 INFO  : Context for 'APU' is selected.
12:13:10 INFO  : Hardware design information is loaded from 'G:/myLab/SDK/NEON/zed_hw_platform/system.hdf'.
12:13:10 INFO  : 'configparams force-mem-access 1' command is executed.
12:13:10 INFO  : Context for 'APU' is selected.
12:13:10 INFO  : 'stop' command is executed.
12:13:11 INFO  : 'ps7_init' command is executed.
12:13:11 INFO  : Context for processor 'ps7_cortexa9_0' is selected.
12:13:11 INFO  : Processor reset is completed for 'ps7_cortexa9_0'.
12:13:11 INFO  : Context for processor 'ps7_cortexa9_0' is selected.
12:13:12 INFO  : The application 'G:/myLab/SDK/NEON/Neon/Debug/Neon.elf' is downloaded to processor 'ps7_cortexa9_0'.
12:13:12 INFO  : 'configparams force-mem-access 0' command is executed.
12:13:12 INFO  : ----------------XSDB Script----------------
connect -url tcp:127.0.0.1:3121
source G:/myLab/SDK/NEON/zed_hw_platform/ps7_init.tcl
targets -set -nocase -filter {name =~"APU*" && jtag_cable_name =~ "Platform Cable USB II 000018eaf66101"} -index 0
loadhw -hw G:/myLab/SDK/NEON/zed_hw_platform/system.hdf -mem-ranges [list {0x40000000 0xbfffffff}]
configparams force-mem-access 1
targets -set -nocase -filter {name =~"APU*" && jtag_cable_name =~ "Platform Cable USB II 000018eaf66101"} -index 0
stop
ps7_init
targets -set -nocase -filter {name =~ "ARM*#0" && jtag_cable_name =~ "Platform Cable USB II 000018eaf66101"} -index 0
rst -processor
targets -set -nocase -filter {name =~ "ARM*#0" && jtag_cable_name =~ "Platform Cable USB II 000018eaf66101"} -index 0
dow G:/myLab/SDK/NEON/Neon/Debug/Neon.elf
configparams force-mem-access 0
----------------End of Script----------------

12:13:12 INFO  : Context for processor 'ps7_cortexa9_0' is selected.
12:13:12 INFO  : 'con' command is executed.
12:13:12 INFO  : ----------------XSDB Script (After Launch)----------------
targets -set -nocase -filter {name =~ "ARM*#0" && jtag_cable_name =~ "Platform Cable USB II 000018eaf66101"} -index 0
con
----------------End of Script----------------

12:13:12 INFO  : Launch script is exported to file 'G:\myLab\SDK\NEON\.sdk\launch_scripts\xilinx_c-c++_application_(system_debugger)\system_debugger_on_local.tcl'
12:13:22 INFO  : Disconnected from the channel tcfchan#3.
18:25:59 INFO  : Connected to target on host '127.0.0.1' and port '3121'.
18:26:00 INFO  : Jtag cable 'Platform Cable USB II 000018eaf66101' is selected.
18:26:00 INFO  : 'jtag frequency' command is executed.
18:26:00 INFO  : Sourcing of 'G:/myLab/SDK/NEON/zed_hw_platform/ps7_init.tcl' is done.
18:26:00 INFO  : Context for 'APU' is selected.
18:26:06 INFO  : Hardware design information is loaded from 'G:/myLab/SDK/NEON/zed_hw_platform/system.hdf'.
18:26:06 INFO  : 'configparams force-mem-access 1' command is executed.
18:26:06 INFO  : Context for 'APU' is selected.
18:26:06 INFO  : 'stop' command is executed.
18:26:07 INFO  : 'ps7_init' command is executed.
18:26:07 INFO  : Context for processor 'ps7_cortexa9_0' is selected.
18:26:07 INFO  : Processor reset is completed for 'ps7_cortexa9_0'.
18:26:07 INFO  : Context for processor 'ps7_cortexa9_0' is selected.
18:26:08 INFO  : The application 'G:/myLab/SDK/NEON/Neon/Debug/Neon.elf' is downloaded to processor 'ps7_cortexa9_0'.
18:26:08 INFO  : 'configparams force-mem-access 0' command is executed.
18:26:08 INFO  : ----------------XSDB Script----------------
connect -url tcp:127.0.0.1:3121
source G:/myLab/SDK/NEON/zed_hw_platform/ps7_init.tcl
targets -set -nocase -filter {name =~"APU*" && jtag_cable_name =~ "Platform Cable USB II 000018eaf66101"} -index 0
loadhw -hw G:/myLab/SDK/NEON/zed_hw_platform/system.hdf -mem-ranges [list {0x40000000 0xbfffffff}]
configparams force-mem-access 1
targets -set -nocase -filter {name =~"APU*" && jtag_cable_name =~ "Platform Cable USB II 000018eaf66101"} -index 0
stop
ps7_init
targets -set -nocase -filter {name =~ "ARM*#0" && jtag_cable_name =~ "Platform Cable USB II 000018eaf66101"} -index 0
rst -processor
targets -set -nocase -filter {name =~ "ARM*#0" && jtag_cable_name =~ "Platform Cable USB II 000018eaf66101"} -index 0
dow G:/myLab/SDK/NEON/Neon/Debug/Neon.elf
configparams force-mem-access 0
----------------End of Script----------------

18:26:08 INFO  : Context for processor 'ps7_cortexa9_0' is selected.
18:26:08 INFO  : 'con' command is executed.
18:26:08 INFO  : ----------------XSDB Script (After Launch)----------------
targets -set -nocase -filter {name =~ "ARM*#0" && jtag_cable_name =~ "Platform Cable USB II 000018eaf66101"} -index 0
con
----------------End of Script----------------

18:26:08 INFO  : Launch script is exported to file 'G:\myLab\SDK\NEON\.sdk\launch_scripts\xilinx_c-c++_application_(system_debugger)\system_debugger_on_local.tcl'
18:26:12 INFO  : Disconnected from the channel tcfchan#4.
18:29:03 INFO  : Connected to target on host '127.0.0.1' and port '3121'.
18:29:04 INFO  : Jtag cable 'Platform Cable USB II 000018eaf66101' is selected.
18:29:04 INFO  : 'jtag frequency' command is executed.
18:29:04 INFO  : Sourcing of 'G:/myLab/SDK/NEON/zed_hw_platform/ps7_init.tcl' is done.
18:29:05 INFO  : Context for 'APU' is selected.
18:29:08 INFO  : Hardware design information is loaded from 'G:/myLab/SDK/NEON/zed_hw_platform/system.hdf'.
18:29:08 INFO  : 'configparams force-mem-access 1' command is executed.
18:29:08 INFO  : Context for 'APU' is selected.
18:29:09 INFO  : 'stop' command is executed.
18:29:09 INFO  : 'ps7_init' command is executed.
18:29:09 INFO  : Context for processor 'ps7_cortexa9_0' is selected.
18:29:09 INFO  : Processor reset is completed for 'ps7_cortexa9_0'.
18:29:10 INFO  : Context for processor 'ps7_cortexa9_0' is selected.
18:29:10 INFO  : The application 'G:/myLab/SDK/NEON/Neon/Debug/Neon.elf' is downloaded to processor 'ps7_cortexa9_0'.
18:29:10 INFO  : 'configparams force-mem-access 0' command is executed.
18:29:10 INFO  : ----------------XSDB Script----------------
connect -url tcp:127.0.0.1:3121
source G:/myLab/SDK/NEON/zed_hw_platform/ps7_init.tcl
targets -set -nocase -filter {name =~"APU*" && jtag_cable_name =~ "Platform Cable USB II 000018eaf66101"} -index 0
loadhw -hw G:/myLab/SDK/NEON/zed_hw_platform/system.hdf -mem-ranges [list {0x40000000 0xbfffffff}]
configparams force-mem-access 1
targets -set -nocase -filter {name =~"APU*" && jtag_cable_name =~ "Platform Cable USB II 000018eaf66101"} -index 0
stop
ps7_init
targets -set -nocase -filter {name =~ "ARM*#0" && jtag_cable_name =~ "Platform Cable USB II 000018eaf66101"} -index 0
rst -processor
targets -set -nocase -filter {name =~ "ARM*#0" && jtag_cable_name =~ "Platform Cable USB II 000018eaf66101"} -index 0
dow G:/myLab/SDK/NEON/Neon/Debug/Neon.elf
configparams force-mem-access 0
----------------End of Script----------------

18:29:10 INFO  : Context for processor 'ps7_cortexa9_0' is selected.
18:29:11 INFO  : 'con' command is executed.
18:29:11 INFO  : ----------------XSDB Script (After Launch)----------------
targets -set -nocase -filter {name =~ "ARM*#0" && jtag_cable_name =~ "Platform Cable USB II 000018eaf66101"} -index 0
con
----------------End of Script----------------

18:29:11 INFO  : Launch script is exported to file 'G:\myLab\SDK\NEON\.sdk\launch_scripts\xilinx_c-c++_application_(system_debugger)\system_debugger_on_local.tcl'
18:29:16 INFO  : Disconnected from the channel tcfchan#5.
18:36:06 INFO  : Connected to target on host '127.0.0.1' and port '3121'.
18:36:07 INFO  : Jtag cable 'Platform Cable USB II 000018eaf66101' is selected.
18:36:07 INFO  : 'jtag frequency' command is executed.
18:36:07 INFO  : Sourcing of 'G:/myLab/SDK/NEON/zed_hw_platform/ps7_init.tcl' is done.
18:36:07 INFO  : Context for 'APU' is selected.
18:36:10 INFO  : Hardware design information is loaded from 'G:/myLab/SDK/NEON/zed_hw_platform/system.hdf'.
18:36:10 INFO  : 'configparams force-mem-access 1' command is executed.
18:36:10 INFO  : Context for 'APU' is selected.
18:36:10 INFO  : 'stop' command is executed.
18:36:12 INFO  : 'ps7_init' command is executed.
18:36:12 INFO  : Context for processor 'ps7_cortexa9_0' is selected.
18:36:12 INFO  : Processor reset is completed for 'ps7_cortexa9_0'.
18:36:12 INFO  : Context for processor 'ps7_cortexa9_0' is selected.
18:36:12 INFO  : The application 'G:/myLab/SDK/NEON/Neon/Debug/Neon.elf' is downloaded to processor 'ps7_cortexa9_0'.
18:36:12 INFO  : 'configparams force-mem-access 0' command is executed.
18:36:12 INFO  : ----------------XSDB Script----------------
connect -url tcp:127.0.0.1:3121
source G:/myLab/SDK/NEON/zed_hw_platform/ps7_init.tcl
targets -set -nocase -filter {name =~"APU*" && jtag_cable_name =~ "Platform Cable USB II 000018eaf66101"} -index 0
loadhw -hw G:/myLab/SDK/NEON/zed_hw_platform/system.hdf -mem-ranges [list {0x40000000 0xbfffffff}]
configparams force-mem-access 1
targets -set -nocase -filter {name =~"APU*" && jtag_cable_name =~ "Platform Cable USB II 000018eaf66101"} -index 0
stop
ps7_init
targets -set -nocase -filter {name =~ "ARM*#0" && jtag_cable_name =~ "Platform Cable USB II 000018eaf66101"} -index 0
rst -processor
targets -set -nocase -filter {name =~ "ARM*#0" && jtag_cable_name =~ "Platform Cable USB II 000018eaf66101"} -index 0
dow G:/myLab/SDK/NEON/Neon/Debug/Neon.elf
configparams force-mem-access 0
----------------End of Script----------------

18:36:13 INFO  : Context for processor 'ps7_cortexa9_0' is selected.
18:36:13 INFO  : 'con' command is executed.
18:36:13 INFO  : ----------------XSDB Script (After Launch)----------------
targets -set -nocase -filter {name =~ "ARM*#0" && jtag_cable_name =~ "Platform Cable USB II 000018eaf66101"} -index 0
con
----------------End of Script----------------

18:36:13 INFO  : Launch script is exported to file 'G:\myLab\SDK\NEON\.sdk\launch_scripts\xilinx_c-c++_application_(system_debugger)\system_debugger_on_local.tcl'
18:36:19 INFO  : Disconnected from the channel tcfchan#6.
18:36:48 INFO  : Connected to target on host '127.0.0.1' and port '3121'.
18:36:48 INFO  : Jtag cable 'Platform Cable USB II 000018eaf66101' is selected.
18:36:48 INFO  : 'jtag frequency' command is executed.
18:36:48 INFO  : Sourcing of 'G:/myLab/SDK/NEON/zed_hw_platform/ps7_init.tcl' is done.
18:36:48 INFO  : Context for 'APU' is selected.
18:36:51 INFO  : Hardware design information is loaded from 'G:/myLab/SDK/NEON/zed_hw_platform/system.hdf'.
18:36:51 INFO  : 'configparams force-mem-access 1' command is executed.
18:36:51 INFO  : Context for 'APU' is selected.
18:36:52 INFO  : 'stop' command is executed.
18:36:52 INFO  : 'ps7_init' command is executed.
18:36:53 INFO  : Context for processor 'ps7_cortexa9_0' is selected.
18:36:53 INFO  : Processor reset is completed for 'ps7_cortexa9_0'.
18:36:53 INFO  : Context for processor 'ps7_cortexa9_0' is selected.
18:36:53 INFO  : The application 'G:/myLab/SDK/NEON/Neon/Debug/Neon.elf' is downloaded to processor 'ps7_cortexa9_0'.
18:36:53 INFO  : 'configparams force-mem-access 0' command is executed.
18:36:53 INFO  : ----------------XSDB Script----------------
connect -url tcp:127.0.0.1:3121
source G:/myLab/SDK/NEON/zed_hw_platform/ps7_init.tcl
targets -set -nocase -filter {name =~"APU*" && jtag_cable_name =~ "Platform Cable USB II 000018eaf66101"} -index 0
loadhw -hw G:/myLab/SDK/NEON/zed_hw_platform/system.hdf -mem-ranges [list {0x40000000 0xbfffffff}]
configparams force-mem-access 1
targets -set -nocase -filter {name =~"APU*" && jtag_cable_name =~ "Platform Cable USB II 000018eaf66101"} -index 0
stop
ps7_init
targets -set -nocase -filter {name =~ "ARM*#0" && jtag_cable_name =~ "Platform Cable USB II 000018eaf66101"} -index 0
rst -processor
targets -set -nocase -filter {name =~ "ARM*#0" && jtag_cable_name =~ "Platform Cable USB II 000018eaf66101"} -index 0
dow G:/myLab/SDK/NEON/Neon/Debug/Neon.elf
configparams force-mem-access 0
----------------End of Script----------------

18:36:53 INFO  : Context for processor 'ps7_cortexa9_0' is selected.
18:36:54 INFO  : 'con' command is executed.
18:36:54 INFO  : ----------------XSDB Script (After Launch)----------------
targets -set -nocase -filter {name =~ "ARM*#0" && jtag_cable_name =~ "Platform Cable USB II 000018eaf66101"} -index 0
con
----------------End of Script----------------

18:36:54 INFO  : Launch script is exported to file 'G:\myLab\SDK\NEON\.sdk\launch_scripts\xilinx_c-c++_application_(system_debugger)\system_debugger_on_local.tcl'
18:36:58 INFO  : Disconnected from the channel tcfchan#7.
22:52:13 INFO  : Connected to target on host '127.0.0.1' and port '3121'.
22:52:14 INFO  : Jtag cable 'Platform Cable USB II 000018eaf66101' is selected.
22:52:14 INFO  : 'jtag frequency' command is executed.
22:52:14 INFO  : Sourcing of 'G:/myLab/SDK/NEON/zed_hw_platform/ps7_init.tcl' is done.
22:52:15 INFO  : Context for 'APU' is selected.
22:52:32 INFO  : Hardware design information is loaded from 'G:/myLab/SDK/NEON/zed_hw_platform/system.hdf'.
22:52:32 INFO  : 'configparams force-mem-access 1' command is executed.
22:52:32 INFO  : Context for 'APU' is selected.
22:52:32 INFO  : 'stop' command is executed.
22:52:33 INFO  : 'ps7_init' command is executed.
22:52:33 INFO  : Context for processor 'ps7_cortexa9_0' is selected.
22:52:33 INFO  : Processor reset is completed for 'ps7_cortexa9_0'.
22:52:34 INFO  : Context for processor 'ps7_cortexa9_0' is selected.
22:52:34 INFO  : The application 'G:/myLab/SDK/NEON/Neon/Debug/Neon.elf' is downloaded to processor 'ps7_cortexa9_0'.
22:52:34 INFO  : 'configparams force-mem-access 0' command is executed.
22:52:34 INFO  : ----------------XSDB Script----------------
connect -url tcp:127.0.0.1:3121
source G:/myLab/SDK/NEON/zed_hw_platform/ps7_init.tcl
targets -set -nocase -filter {name =~"APU*" && jtag_cable_name =~ "Platform Cable USB II 000018eaf66101"} -index 0
loadhw -hw G:/myLab/SDK/NEON/zed_hw_platform/system.hdf -mem-ranges [list {0x40000000 0xbfffffff}]
configparams force-mem-access 1
targets -set -nocase -filter {name =~"APU*" && jtag_cable_name =~ "Platform Cable USB II 000018eaf66101"} -index 0
stop
ps7_init
targets -set -nocase -filter {name =~ "ARM*#0" && jtag_cable_name =~ "Platform Cable USB II 000018eaf66101"} -index 0
rst -processor
targets -set -nocase -filter {name =~ "ARM*#0" && jtag_cable_name =~ "Platform Cable USB II 000018eaf66101"} -index 0
dow G:/myLab/SDK/NEON/Neon/Debug/Neon.elf
configparams force-mem-access 0
----------------End of Script----------------

22:52:35 INFO  : Context for processor 'ps7_cortexa9_0' is selected.
22:52:35 INFO  : 'con' command is executed.
22:52:35 INFO  : ----------------XSDB Script (After Launch)----------------
targets -set -nocase -filter {name =~ "ARM*#0" && jtag_cable_name =~ "Platform Cable USB II 000018eaf66101"} -index 0
con
----------------End of Script----------------

22:52:35 INFO  : Launch script is exported to file 'G:\myLab\SDK\NEON\.sdk\launch_scripts\xilinx_c-c++_application_(system_debugger)\system_debugger_on_local.tcl'
22:52:48 INFO  : Disconnected from the channel tcfchan#8.
22:52:57 INFO  : Connected to target on host '127.0.0.1' and port '3121'.
22:52:58 INFO  : Jtag cable 'Platform Cable USB II 000018eaf66101' is selected.
22:52:58 INFO  : 'jtag frequency' command is executed.
22:52:58 INFO  : Sourcing of 'G:/myLab/SDK/NEON/zed_hw_platform/ps7_init.tcl' is done.
22:52:59 INFO  : Context for 'APU' is selected.
22:53:03 INFO  : Hardware design information is loaded from 'G:/myLab/SDK/NEON/zed_hw_platform/system.hdf'.
22:53:03 INFO  : 'configparams force-mem-access 1' command is executed.
22:53:03 INFO  : Context for 'APU' is selected.
22:53:03 INFO  : 'stop' command is executed.
22:53:04 INFO  : 'ps7_init' command is executed.
22:53:04 INFO  : Context for processor 'ps7_cortexa9_0' is selected.
22:53:04 INFO  : Processor reset is completed for 'ps7_cortexa9_0'.
22:53:04 INFO  : Context for processor 'ps7_cortexa9_0' is selected.
22:53:05 INFO  : The application 'G:/myLab/SDK/NEON/Neon/Debug/Neon.elf' is downloaded to processor 'ps7_cortexa9_0'.
22:53:05 INFO  : 'configparams force-mem-access 0' command is executed.
22:53:05 INFO  : ----------------XSDB Script----------------
connect -url tcp:127.0.0.1:3121
source G:/myLab/SDK/NEON/zed_hw_platform/ps7_init.tcl
targets -set -nocase -filter {name =~"APU*" && jtag_cable_name =~ "Platform Cable USB II 000018eaf66101"} -index 0
loadhw -hw G:/myLab/SDK/NEON/zed_hw_platform/system.hdf -mem-ranges [list {0x40000000 0xbfffffff}]
configparams force-mem-access 1
targets -set -nocase -filter {name =~"APU*" && jtag_cable_name =~ "Platform Cable USB II 000018eaf66101"} -index 0
stop
ps7_init
targets -set -nocase -filter {name =~ "ARM*#0" && jtag_cable_name =~ "Platform Cable USB II 000018eaf66101"} -index 0
rst -processor
targets -set -nocase -filter {name =~ "ARM*#0" && jtag_cable_name =~ "Platform Cable USB II 000018eaf66101"} -index 0
dow G:/myLab/SDK/NEON/Neon/Debug/Neon.elf
configparams force-mem-access 0
----------------End of Script----------------

22:53:05 INFO  : Context for processor 'ps7_cortexa9_0' is selected.
22:53:05 INFO  : 'con' command is executed.
22:53:05 INFO  : ----------------XSDB Script (After Launch)----------------
targets -set -nocase -filter {name =~ "ARM*#0" && jtag_cable_name =~ "Platform Cable USB II 000018eaf66101"} -index 0
con
----------------End of Script----------------

22:53:05 INFO  : Launch script is exported to file 'G:\myLab\SDK\NEON\.sdk\launch_scripts\xilinx_c-c++_application_(system_debugger)\system_debugger_on_local.tcl'
22:54:25 INFO  : Disconnected from the channel tcfchan#9.
22:54:46 INFO  : Connected to target on host '127.0.0.1' and port '3121'.
22:54:47 INFO  : Jtag cable 'Platform Cable USB II 000018eaf66101' is selected.
22:54:47 INFO  : 'jtag frequency' command is executed.
22:54:47 INFO  : Sourcing of 'G:/myLab/SDK/NEON/zed_hw_platform/ps7_init.tcl' is done.
22:54:47 INFO  : Context for 'APU' is selected.
22:54:51 INFO  : Hardware design information is loaded from 'G:/myLab/SDK/NEON/zed_hw_platform/system.hdf'.
22:54:51 INFO  : 'configparams force-mem-access 1' command is executed.
22:54:51 INFO  : Context for 'APU' is selected.
22:54:51 INFO  : 'stop' command is executed.
22:54:52 INFO  : 'ps7_init' command is executed.
22:54:52 INFO  : Context for processor 'ps7_cortexa9_0' is selected.
22:54:52 INFO  : Processor reset is completed for 'ps7_cortexa9_0'.
22:54:52 INFO  : Context for processor 'ps7_cortexa9_0' is selected.
22:54:52 INFO  : The application 'G:/myLab/SDK/NEON/Neon/Debug/Neon.elf' is downloaded to processor 'ps7_cortexa9_0'.
22:54:52 INFO  : 'configparams force-mem-access 0' command is executed.
22:54:52 INFO  : ----------------XSDB Script----------------
connect -url tcp:127.0.0.1:3121
source G:/myLab/SDK/NEON/zed_hw_platform/ps7_init.tcl
targets -set -nocase -filter {name =~"APU*" && jtag_cable_name =~ "Platform Cable USB II 000018eaf66101"} -index 0
loadhw -hw G:/myLab/SDK/NEON/zed_hw_platform/system.hdf -mem-ranges [list {0x40000000 0xbfffffff}]
configparams force-mem-access 1
targets -set -nocase -filter {name =~"APU*" && jtag_cable_name =~ "Platform Cable USB II 000018eaf66101"} -index 0
stop
ps7_init
targets -set -nocase -filter {name =~ "ARM*#0" && jtag_cable_name =~ "Platform Cable USB II 000018eaf66101"} -index 0
rst -processor
targets -set -nocase -filter {name =~ "ARM*#0" && jtag_cable_name =~ "Platform Cable USB II 000018eaf66101"} -index 0
dow G:/myLab/SDK/NEON/Neon/Debug/Neon.elf
configparams force-mem-access 0
----------------End of Script----------------

22:54:53 INFO  : Context for processor 'ps7_cortexa9_0' is selected.
22:54:53 INFO  : 'con' command is executed.
22:54:53 INFO  : ----------------XSDB Script (After Launch)----------------
targets -set -nocase -filter {name =~ "ARM*#0" && jtag_cable_name =~ "Platform Cable USB II 000018eaf66101"} -index 0
con
----------------End of Script----------------

22:54:53 INFO  : Launch script is exported to file 'G:\myLab\SDK\NEON\.sdk\launch_scripts\xilinx_c-c++_application_(system_debugger)\system_debugger_on_local.tcl'
22:55:02 INFO  : Disconnected from the channel tcfchan#10.
22:55:10 INFO  : Connected to target on host '127.0.0.1' and port '3121'.
22:55:11 INFO  : Jtag cable 'Platform Cable USB II 000018eaf66101' is selected.
22:55:11 INFO  : 'jtag frequency' command is executed.
22:55:11 INFO  : Sourcing of 'G:/myLab/SDK/NEON/zed_hw_platform/ps7_init.tcl' is done.
22:55:11 INFO  : Context for 'APU' is selected.
22:55:14 INFO  : Hardware design information is loaded from 'G:/myLab/SDK/NEON/zed_hw_platform/system.hdf'.
22:55:14 INFO  : 'configparams force-mem-access 1' command is executed.
22:55:14 INFO  : Context for 'APU' is selected.
22:55:14 INFO  : 'stop' command is executed.
22:55:15 INFO  : 'ps7_init' command is executed.
22:55:15 INFO  : Context for processor 'ps7_cortexa9_0' is selected.
22:55:15 INFO  : Processor reset is completed for 'ps7_cortexa9_0'.
22:55:15 INFO  : Context for processor 'ps7_cortexa9_0' is selected.
22:55:16 INFO  : The application 'G:/myLab/SDK/NEON/Neon/Debug/Neon.elf' is downloaded to processor 'ps7_cortexa9_0'.
22:55:16 INFO  : 'configparams force-mem-access 0' command is executed.
22:55:16 INFO  : ----------------XSDB Script----------------
connect -url tcp:127.0.0.1:3121
source G:/myLab/SDK/NEON/zed_hw_platform/ps7_init.tcl
targets -set -nocase -filter {name =~"APU*" && jtag_cable_name =~ "Platform Cable USB II 000018eaf66101"} -index 0
loadhw -hw G:/myLab/SDK/NEON/zed_hw_platform/system.hdf -mem-ranges [list {0x40000000 0xbfffffff}]
configparams force-mem-access 1
targets -set -nocase -filter {name =~"APU*" && jtag_cable_name =~ "Platform Cable USB II 000018eaf66101"} -index 0
stop
ps7_init
targets -set -nocase -filter {name =~ "ARM*#0" && jtag_cable_name =~ "Platform Cable USB II 000018eaf66101"} -index 0
rst -processor
targets -set -nocase -filter {name =~ "ARM*#0" && jtag_cable_name =~ "Platform Cable USB II 000018eaf66101"} -index 0
dow G:/myLab/SDK/NEON/Neon/Debug/Neon.elf
configparams force-mem-access 0
----------------End of Script----------------

22:55:16 INFO  : Context for processor 'ps7_cortexa9_0' is selected.
22:55:16 INFO  : 'con' command is executed.
22:55:16 INFO  : ----------------XSDB Script (After Launch)----------------
targets -set -nocase -filter {name =~ "ARM*#0" && jtag_cable_name =~ "Platform Cable USB II 000018eaf66101"} -index 0
con
----------------End of Script----------------

22:55:16 INFO  : Launch script is exported to file 'G:\myLab\SDK\NEON\.sdk\launch_scripts\xilinx_c-c++_application_(system_debugger)\system_debugger_on_local.tcl'
22:55:26 INFO  : Disconnected from the channel tcfchan#11.
22:57:28 INFO  : Connected to target on host '127.0.0.1' and port '3121'.
22:57:38 INFO  : ----------------XSDB Script----------------
connect -url tcp:127.0.0.1:3121
----------------End of Script----------------

22:58:03 INFO  : Connected to target on host '127.0.0.1' and port '3121'.
22:58:04 INFO  : Jtag cable 'Platform Cable USB II 000018eaf66101' is selected.
22:58:04 INFO  : 'jtag frequency' command is executed.
22:58:04 INFO  : Sourcing of 'G:/myLab/SDK/NEON/zed_hw_platform/ps7_init.tcl' is done.
22:58:04 INFO  : Context for 'APU' is selected.
22:58:08 INFO  : Hardware design information is loaded from 'G:/myLab/SDK/NEON/zed_hw_platform/system.hdf'.
22:58:08 INFO  : 'configparams force-mem-access 1' command is executed.
22:58:08 INFO  : Context for 'APU' is selected.
22:58:08 INFO  : 'stop' command is executed.
22:58:09 INFO  : 'ps7_init' command is executed.
22:58:09 INFO  : Context for processor 'ps7_cortexa9_0' is selected.
22:58:09 INFO  : Processor reset is completed for 'ps7_cortexa9_0'.
22:58:09 INFO  : Context for processor 'ps7_cortexa9_0' is selected.
22:58:10 INFO  : The application 'G:/myLab/SDK/NEON/Neon/Debug/Neon.elf' is downloaded to processor 'ps7_cortexa9_0'.
22:58:10 INFO  : 'configparams force-mem-access 0' command is executed.
22:58:10 INFO  : ----------------XSDB Script----------------
connect -url tcp:127.0.0.1:3121
source G:/myLab/SDK/NEON/zed_hw_platform/ps7_init.tcl
targets -set -nocase -filter {name =~"APU*" && jtag_cable_name =~ "Platform Cable USB II 000018eaf66101"} -index 0
loadhw -hw G:/myLab/SDK/NEON/zed_hw_platform/system.hdf -mem-ranges [list {0x40000000 0xbfffffff}]
configparams force-mem-access 1
targets -set -nocase -filter {name =~"APU*" && jtag_cable_name =~ "Platform Cable USB II 000018eaf66101"} -index 0
stop
ps7_init
targets -set -nocase -filter {name =~ "ARM*#0" && jtag_cable_name =~ "Platform Cable USB II 000018eaf66101"} -index 0
rst -processor
targets -set -nocase -filter {name =~ "ARM*#0" && jtag_cable_name =~ "Platform Cable USB II 000018eaf66101"} -index 0
dow G:/myLab/SDK/NEON/Neon/Debug/Neon.elf
configparams force-mem-access 0
----------------End of Script----------------

22:58:10 INFO  : Context for processor 'ps7_cortexa9_0' is selected.
22:58:10 INFO  : 'con' command is executed.
22:58:10 INFO  : ----------------XSDB Script (After Launch)----------------
targets -set -nocase -filter {name =~ "ARM*#0" && jtag_cable_name =~ "Platform Cable USB II 000018eaf66101"} -index 0
con
----------------End of Script----------------

22:58:10 INFO  : Launch script is exported to file 'G:\myLab\SDK\NEON\.sdk\launch_scripts\xilinx_c-c++_application_(system_debugger)\system_debugger_on_local.tcl'
22:58:47 INFO  : Disconnected from the channel tcfchan#12.
22:59:47 INFO  : Connected to target on host '127.0.0.1' and port '3121'.
22:59:49 INFO  : Jtag cable 'Platform Cable USB II 000018eaf66101' is selected.
22:59:49 INFO  : 'jtag frequency' command is executed.
22:59:49 INFO  : Sourcing of 'G:/myLab/SDK/NEON/zed_hw_platform/ps7_init.tcl' is done.
22:59:49 INFO  : Context for 'APU' is selected.
22:59:52 INFO  : Hardware design information is loaded from 'G:/myLab/SDK/NEON/zed_hw_platform/system.hdf'.
22:59:52 INFO  : 'configparams force-mem-access 1' command is executed.
22:59:52 INFO  : Context for 'APU' is selected.
22:59:52 INFO  : 'stop' command is executed.
22:59:53 INFO  : 'ps7_init' command is executed.
22:59:53 INFO  : Context for processor 'ps7_cortexa9_0' is selected.
22:59:53 INFO  : Processor reset is completed for 'ps7_cortexa9_0'.
22:59:53 INFO  : Context for processor 'ps7_cortexa9_0' is selected.
22:59:54 INFO  : The application 'G:/myLab/SDK/NEON/Neon/Debug/Neon.elf' is downloaded to processor 'ps7_cortexa9_0'.
22:59:54 INFO  : 'configparams force-mem-access 0' command is executed.
22:59:54 INFO  : ----------------XSDB Script----------------
connect -url tcp:127.0.0.1:3121
source G:/myLab/SDK/NEON/zed_hw_platform/ps7_init.tcl
targets -set -nocase -filter {name =~"APU*" && jtag_cable_name =~ "Platform Cable USB II 000018eaf66101"} -index 0
loadhw -hw G:/myLab/SDK/NEON/zed_hw_platform/system.hdf -mem-ranges [list {0x40000000 0xbfffffff}]
configparams force-mem-access 1
targets -set -nocase -filter {name =~"APU*" && jtag_cable_name =~ "Platform Cable USB II 000018eaf66101"} -index 0
stop
ps7_init
targets -set -nocase -filter {name =~ "ARM*#0" && jtag_cable_name =~ "Platform Cable USB II 000018eaf66101"} -index 0
rst -processor
targets -set -nocase -filter {name =~ "ARM*#0" && jtag_cable_name =~ "Platform Cable USB II 000018eaf66101"} -index 0
dow G:/myLab/SDK/NEON/Neon/Debug/Neon.elf
configparams force-mem-access 0
----------------End of Script----------------

22:59:54 INFO  : Context for processor 'ps7_cortexa9_0' is selected.
22:59:54 INFO  : 'con' command is executed.
22:59:54 INFO  : ----------------XSDB Script (After Launch)----------------
targets -set -nocase -filter {name =~ "ARM*#0" && jtag_cable_name =~ "Platform Cable USB II 000018eaf66101"} -index 0
con
----------------End of Script----------------

22:59:54 INFO  : Launch script is exported to file 'G:\myLab\SDK\NEON\.sdk\launch_scripts\xilinx_c-c++_application_(system_debugger)\system_debugger_on_local.tcl'
23:01:14 INFO  : Disconnected from the channel tcfchan#13.
23:01:44 INFO  : Connected to target on host '127.0.0.1' and port '3121'.
23:01:46 INFO  : Jtag cable 'Platform Cable USB II 000018eaf66101' is selected.
23:01:46 INFO  : 'jtag frequency' command is executed.
23:01:46 INFO  : Sourcing of 'G:/myLab/SDK/NEON/zed_hw_platform/ps7_init.tcl' is done.
23:01:46 INFO  : Context for 'APU' is selected.
23:01:49 INFO  : Hardware design information is loaded from 'G:/myLab/SDK/NEON/zed_hw_platform/system.hdf'.
23:01:49 INFO  : 'configparams force-mem-access 1' command is executed.
23:01:49 INFO  : Context for 'APU' is selected.
23:01:49 INFO  : 'stop' command is executed.
23:01:50 INFO  : 'ps7_init' command is executed.
23:01:50 INFO  : Context for processor 'ps7_cortexa9_0' is selected.
23:01:50 INFO  : Processor reset is completed for 'ps7_cortexa9_0'.
23:01:50 INFO  : Context for processor 'ps7_cortexa9_0' is selected.
23:01:51 INFO  : The application 'G:/myLab/SDK/NEON/Neon/Debug/Neon.elf' is downloaded to processor 'ps7_cortexa9_0'.
23:01:51 INFO  : 'configparams force-mem-access 0' command is executed.
23:01:51 INFO  : ----------------XSDB Script----------------
connect -url tcp:127.0.0.1:3121
source G:/myLab/SDK/NEON/zed_hw_platform/ps7_init.tcl
targets -set -nocase -filter {name =~"APU*" && jtag_cable_name =~ "Platform Cable USB II 000018eaf66101"} -index 0
loadhw -hw G:/myLab/SDK/NEON/zed_hw_platform/system.hdf -mem-ranges [list {0x40000000 0xbfffffff}]
configparams force-mem-access 1
targets -set -nocase -filter {name =~"APU*" && jtag_cable_name =~ "Platform Cable USB II 000018eaf66101"} -index 0
stop
ps7_init
targets -set -nocase -filter {name =~ "ARM*#0" && jtag_cable_name =~ "Platform Cable USB II 000018eaf66101"} -index 0
rst -processor
targets -set -nocase -filter {name =~ "ARM*#0" && jtag_cable_name =~ "Platform Cable USB II 000018eaf66101"} -index 0
dow G:/myLab/SDK/NEON/Neon/Debug/Neon.elf
configparams force-mem-access 0
----------------End of Script----------------

23:01:51 INFO  : Context for processor 'ps7_cortexa9_0' is selected.
23:01:51 INFO  : 'con' command is executed.
23:01:51 INFO  : ----------------XSDB Script (After Launch)----------------
targets -set -nocase -filter {name =~ "ARM*#0" && jtag_cable_name =~ "Platform Cable USB II 000018eaf66101"} -index 0
con
----------------End of Script----------------

23:01:51 INFO  : Launch script is exported to file 'G:\myLab\SDK\NEON\.sdk\launch_scripts\xilinx_c-c++_application_(system_debugger)\system_debugger_on_local.tcl'
23:02:11 INFO  : Disconnected from the channel tcfchan#14.
23:10:25 INFO  : Connected to target on host '127.0.0.1' and port '3121'.
23:10:26 INFO  : Jtag cable 'Platform Cable USB II 000018eaf66101' is selected.
23:10:26 INFO  : 'jtag frequency' command is executed.
23:10:26 INFO  : Sourcing of 'G:/myLab/SDK/NEON/zed_hw_platform/ps7_init.tcl' is done.
23:10:26 INFO  : Context for 'APU' is selected.
23:10:31 INFO  : Hardware design information is loaded from 'G:/myLab/SDK/NEON/zed_hw_platform/system.hdf'.
23:10:31 INFO  : 'configparams force-mem-access 1' command is executed.
23:10:31 INFO  : Context for 'APU' is selected.
23:10:31 INFO  : 'stop' command is executed.
23:10:32 INFO  : 'ps7_init' command is executed.
23:10:32 INFO  : Context for processor 'ps7_cortexa9_0' is selected.
23:10:32 INFO  : Processor reset is completed for 'ps7_cortexa9_0'.
23:10:32 INFO  : Context for processor 'ps7_cortexa9_0' is selected.
23:10:33 INFO  : The application 'G:/myLab/SDK/NEON/Neon/Debug/Neon.elf' is downloaded to processor 'ps7_cortexa9_0'.
23:10:33 INFO  : 'configparams force-mem-access 0' command is executed.
23:10:33 INFO  : ----------------XSDB Script----------------
connect -url tcp:127.0.0.1:3121
source G:/myLab/SDK/NEON/zed_hw_platform/ps7_init.tcl
targets -set -nocase -filter {name =~"APU*" && jtag_cable_name =~ "Platform Cable USB II 000018eaf66101"} -index 0
loadhw -hw G:/myLab/SDK/NEON/zed_hw_platform/system.hdf -mem-ranges [list {0x40000000 0xbfffffff}]
configparams force-mem-access 1
targets -set -nocase -filter {name =~"APU*" && jtag_cable_name =~ "Platform Cable USB II 000018eaf66101"} -index 0
stop
ps7_init
targets -set -nocase -filter {name =~ "ARM*#0" && jtag_cable_name =~ "Platform Cable USB II 000018eaf66101"} -index 0
rst -processor
targets -set -nocase -filter {name =~ "ARM*#0" && jtag_cable_name =~ "Platform Cable USB II 000018eaf66101"} -index 0
dow G:/myLab/SDK/NEON/Neon/Debug/Neon.elf
configparams force-mem-access 0
----------------End of Script----------------

23:10:33 INFO  : Context for processor 'ps7_cortexa9_0' is selected.
23:10:33 INFO  : 'con' command is executed.
23:10:33 INFO  : ----------------XSDB Script (After Launch)----------------
targets -set -nocase -filter {name =~ "ARM*#0" && jtag_cable_name =~ "Platform Cable USB II 000018eaf66101"} -index 0
con
----------------End of Script----------------

23:10:33 INFO  : Launch script is exported to file 'G:\myLab\SDK\NEON\.sdk\launch_scripts\xilinx_c-c++_application_(system_debugger)\system_debugger_on_local.tcl'
23:10:48 INFO  : Disconnected from the channel tcfchan#15.
23:10:54 INFO  : Connected to target on host '127.0.0.1' and port '3121'.
23:10:55 INFO  : Jtag cable 'Platform Cable USB II 000018eaf66101' is selected.
23:10:55 INFO  : 'jtag frequency' command is executed.
23:10:55 INFO  : Sourcing of 'G:/myLab/SDK/NEON/zed_hw_platform/ps7_init.tcl' is done.
23:10:55 INFO  : Context for 'APU' is selected.
23:10:58 INFO  : Hardware design information is loaded from 'G:/myLab/SDK/NEON/zed_hw_platform/system.hdf'.
23:10:58 INFO  : 'configparams force-mem-access 1' command is executed.
23:10:58 INFO  : Context for 'APU' is selected.
23:10:58 INFO  : 'stop' command is executed.
23:10:59 INFO  : 'ps7_init' command is executed.
23:10:59 INFO  : Context for processor 'ps7_cortexa9_0' is selected.
23:11:00 INFO  : Processor reset is completed for 'ps7_cortexa9_0'.
23:11:00 INFO  : Context for processor 'ps7_cortexa9_0' is selected.
23:11:00 INFO  : The application 'G:/myLab/SDK/NEON/Neon/Debug/Neon.elf' is downloaded to processor 'ps7_cortexa9_0'.
23:11:00 INFO  : 'configparams force-mem-access 0' command is executed.
23:11:00 INFO  : ----------------XSDB Script----------------
connect -url tcp:127.0.0.1:3121
source G:/myLab/SDK/NEON/zed_hw_platform/ps7_init.tcl
targets -set -nocase -filter {name =~"APU*" && jtag_cable_name =~ "Platform Cable USB II 000018eaf66101"} -index 0
loadhw -hw G:/myLab/SDK/NEON/zed_hw_platform/system.hdf -mem-ranges [list {0x40000000 0xbfffffff}]
configparams force-mem-access 1
targets -set -nocase -filter {name =~"APU*" && jtag_cable_name =~ "Platform Cable USB II 000018eaf66101"} -index 0
stop
ps7_init
targets -set -nocase -filter {name =~ "ARM*#0" && jtag_cable_name =~ "Platform Cable USB II 000018eaf66101"} -index 0
rst -processor
targets -set -nocase -filter {name =~ "ARM*#0" && jtag_cable_name =~ "Platform Cable USB II 000018eaf66101"} -index 0
dow G:/myLab/SDK/NEON/Neon/Debug/Neon.elf
configparams force-mem-access 0
----------------End of Script----------------

23:11:00 INFO  : Context for processor 'ps7_cortexa9_0' is selected.
23:11:01 INFO  : 'con' command is executed.
23:11:01 INFO  : ----------------XSDB Script (After Launch)----------------
targets -set -nocase -filter {name =~ "ARM*#0" && jtag_cable_name =~ "Platform Cable USB II 000018eaf66101"} -index 0
con
----------------End of Script----------------

23:11:01 INFO  : Launch script is exported to file 'G:\myLab\SDK\NEON\.sdk\launch_scripts\xilinx_c-c++_application_(system_debugger)\system_debugger_on_local.tcl'
23:11:09 INFO  : Disconnected from the channel tcfchan#16.
23:11:24 INFO  : Connected to target on host '127.0.0.1' and port '3121'.
23:11:26 INFO  : Jtag cable 'Platform Cable USB II 000018eaf66101' is selected.
23:11:26 INFO  : 'jtag frequency' command is executed.
23:11:26 INFO  : Sourcing of 'G:/myLab/SDK/NEON/zed_hw_platform/ps7_init.tcl' is done.
23:11:26 INFO  : Context for 'APU' is selected.
23:11:29 INFO  : Hardware design information is loaded from 'G:/myLab/SDK/NEON/zed_hw_platform/system.hdf'.
23:11:29 INFO  : 'configparams force-mem-access 1' command is executed.
23:11:29 INFO  : Context for 'APU' is selected.
23:11:29 INFO  : 'stop' command is executed.
23:11:30 INFO  : 'ps7_init' command is executed.
23:11:30 INFO  : Context for processor 'ps7_cortexa9_0' is selected.
23:11:30 INFO  : Processor reset is completed for 'ps7_cortexa9_0'.
23:11:30 INFO  : Context for processor 'ps7_cortexa9_0' is selected.
23:11:31 INFO  : The application 'G:/myLab/SDK/NEON/Neon/Debug/Neon.elf' is downloaded to processor 'ps7_cortexa9_0'.
23:11:31 INFO  : 'configparams force-mem-access 0' command is executed.
23:11:31 INFO  : ----------------XSDB Script----------------
connect -url tcp:127.0.0.1:3121
source G:/myLab/SDK/NEON/zed_hw_platform/ps7_init.tcl
targets -set -nocase -filter {name =~"APU*" && jtag_cable_name =~ "Platform Cable USB II 000018eaf66101"} -index 0
loadhw -hw G:/myLab/SDK/NEON/zed_hw_platform/system.hdf -mem-ranges [list {0x40000000 0xbfffffff}]
configparams force-mem-access 1
targets -set -nocase -filter {name =~"APU*" && jtag_cable_name =~ "Platform Cable USB II 000018eaf66101"} -index 0
stop
ps7_init
targets -set -nocase -filter {name =~ "ARM*#0" && jtag_cable_name =~ "Platform Cable USB II 000018eaf66101"} -index 0
rst -processor
targets -set -nocase -filter {name =~ "ARM*#0" && jtag_cable_name =~ "Platform Cable USB II 000018eaf66101"} -index 0
dow G:/myLab/SDK/NEON/Neon/Debug/Neon.elf
configparams force-mem-access 0
----------------End of Script----------------

23:11:31 INFO  : Context for processor 'ps7_cortexa9_0' is selected.
23:11:31 INFO  : 'con' command is executed.
23:11:31 INFO  : ----------------XSDB Script (After Launch)----------------
targets -set -nocase -filter {name =~ "ARM*#0" && jtag_cable_name =~ "Platform Cable USB II 000018eaf66101"} -index 0
con
----------------End of Script----------------

23:11:31 INFO  : Launch script is exported to file 'G:\myLab\SDK\NEON\.sdk\launch_scripts\xilinx_c-c++_application_(system_debugger)\system_debugger_on_local.tcl'
23:12:09 INFO  : Disconnected from the channel tcfchan#17.
23:12:41 INFO  : Connected to target on host '127.0.0.1' and port '3121'.
23:12:42 INFO  : Jtag cable 'Platform Cable USB II 000018eaf66101' is selected.
23:12:42 INFO  : 'jtag frequency' command is executed.
23:12:42 INFO  : Sourcing of 'G:/myLab/SDK/NEON/zed_hw_platform/ps7_init.tcl' is done.
23:12:42 INFO  : Context for 'APU' is selected.
23:12:46 INFO  : Hardware design information is loaded from 'G:/myLab/SDK/NEON/zed_hw_platform/system.hdf'.
23:12:46 INFO  : 'configparams force-mem-access 1' command is executed.
23:12:46 INFO  : Context for 'APU' is selected.
23:12:46 INFO  : 'stop' command is executed.
23:12:47 INFO  : 'ps7_init' command is executed.
23:12:47 INFO  : Context for processor 'ps7_cortexa9_0' is selected.
23:12:47 INFO  : Processor reset is completed for 'ps7_cortexa9_0'.
23:12:47 INFO  : Context for processor 'ps7_cortexa9_0' is selected.
23:12:48 INFO  : The application 'G:/myLab/SDK/NEON/Neon/Debug/Neon.elf' is downloaded to processor 'ps7_cortexa9_0'.
23:12:48 INFO  : 'configparams force-mem-access 0' command is executed.
23:12:48 INFO  : ----------------XSDB Script----------------
connect -url tcp:127.0.0.1:3121
source G:/myLab/SDK/NEON/zed_hw_platform/ps7_init.tcl
targets -set -nocase -filter {name =~"APU*" && jtag_cable_name =~ "Platform Cable USB II 000018eaf66101"} -index 0
loadhw -hw G:/myLab/SDK/NEON/zed_hw_platform/system.hdf -mem-ranges [list {0x40000000 0xbfffffff}]
configparams force-mem-access 1
targets -set -nocase -filter {name =~"APU*" && jtag_cable_name =~ "Platform Cable USB II 000018eaf66101"} -index 0
stop
ps7_init
targets -set -nocase -filter {name =~ "ARM*#0" && jtag_cable_name =~ "Platform Cable USB II 000018eaf66101"} -index 0
rst -processor
targets -set -nocase -filter {name =~ "ARM*#0" && jtag_cable_name =~ "Platform Cable USB II 000018eaf66101"} -index 0
dow G:/myLab/SDK/NEON/Neon/Debug/Neon.elf
configparams force-mem-access 0
----------------End of Script----------------

23:12:48 INFO  : Context for processor 'ps7_cortexa9_0' is selected.
23:12:48 INFO  : 'con' command is executed.
23:12:48 INFO  : ----------------XSDB Script (After Launch)----------------
targets -set -nocase -filter {name =~ "ARM*#0" && jtag_cable_name =~ "Platform Cable USB II 000018eaf66101"} -index 0
con
----------------End of Script----------------

23:12:48 INFO  : Launch script is exported to file 'G:\myLab\SDK\NEON\.sdk\launch_scripts\xilinx_c-c++_application_(system_debugger)\system_debugger_on_local.tcl'
23:13:57 INFO  : Disconnected from the channel tcfchan#18.
23:19:00 INFO  : Connected to target on host '127.0.0.1' and port '3121'.
23:19:01 INFO  : Jtag cable 'Platform Cable USB II 000018eaf66101' is selected.
23:19:01 INFO  : 'jtag frequency' command is executed.
23:19:01 INFO  : Sourcing of 'G:/myLab/SDK/NEON/zed_hw_platform/ps7_init.tcl' is done.
23:19:01 INFO  : Context for 'APU' is selected.
23:19:04 INFO  : Hardware design information is loaded from 'G:/myLab/SDK/NEON/zed_hw_platform/system.hdf'.
23:19:04 INFO  : 'configparams force-mem-access 1' command is executed.
23:19:04 INFO  : Context for 'APU' is selected.
23:19:04 INFO  : 'stop' command is executed.
23:19:05 INFO  : 'ps7_init' command is executed.
23:19:05 INFO  : Context for processor 'ps7_cortexa9_0' is selected.
23:19:05 INFO  : Processor reset is completed for 'ps7_cortexa9_0'.
23:19:05 INFO  : Context for processor 'ps7_cortexa9_0' is selected.
23:19:06 INFO  : The application 'G:/myLab/SDK/NEON/Neon/Debug/Neon.elf' is downloaded to processor 'ps7_cortexa9_0'.
23:19:06 INFO  : 'configparams force-mem-access 0' command is executed.
23:19:06 INFO  : ----------------XSDB Script----------------
connect -url tcp:127.0.0.1:3121
source G:/myLab/SDK/NEON/zed_hw_platform/ps7_init.tcl
targets -set -nocase -filter {name =~"APU*" && jtag_cable_name =~ "Platform Cable USB II 000018eaf66101"} -index 0
loadhw -hw G:/myLab/SDK/NEON/zed_hw_platform/system.hdf -mem-ranges [list {0x40000000 0xbfffffff}]
configparams force-mem-access 1
targets -set -nocase -filter {name =~"APU*" && jtag_cable_name =~ "Platform Cable USB II 000018eaf66101"} -index 0
stop
ps7_init
targets -set -nocase -filter {name =~ "ARM*#0" && jtag_cable_name =~ "Platform Cable USB II 000018eaf66101"} -index 0
rst -processor
targets -set -nocase -filter {name =~ "ARM*#0" && jtag_cable_name =~ "Platform Cable USB II 000018eaf66101"} -index 0
dow G:/myLab/SDK/NEON/Neon/Debug/Neon.elf
configparams force-mem-access 0
----------------End of Script----------------

23:19:06 INFO  : Context for processor 'ps7_cortexa9_0' is selected.
23:19:06 INFO  : 'con' command is executed.
23:19:06 INFO  : ----------------XSDB Script (After Launch)----------------
targets -set -nocase -filter {name =~ "ARM*#0" && jtag_cable_name =~ "Platform Cable USB II 000018eaf66101"} -index 0
con
----------------End of Script----------------

23:19:06 INFO  : Launch script is exported to file 'G:\myLab\SDK\NEON\.sdk\launch_scripts\xilinx_c-c++_application_(system_debugger)\system_debugger_on_local.tcl'
23:19:16 INFO  : Disconnected from the channel tcfchan#19.
23:21:34 INFO  : Connected to target on host '127.0.0.1' and port '3121'.
23:21:35 INFO  : Jtag cable 'Platform Cable USB II 000018eaf66101' is selected.
23:21:35 INFO  : 'jtag frequency' command is executed.
23:21:35 INFO  : Sourcing of 'G:/myLab/SDK/NEON/zed_hw_platform/ps7_init.tcl' is done.
23:21:36 INFO  : Context for 'APU' is selected.
23:21:39 INFO  : Hardware design information is loaded from 'G:/myLab/SDK/NEON/zed_hw_platform/system.hdf'.
23:21:39 INFO  : 'configparams force-mem-access 1' command is executed.
23:21:40 INFO  : Context for 'APU' is selected.
23:21:40 INFO  : 'stop' command is executed.
23:21:41 INFO  : 'ps7_init' command is executed.
23:21:41 INFO  : Context for processor 'ps7_cortexa9_0' is selected.
23:21:41 INFO  : Processor reset is completed for 'ps7_cortexa9_0'.
23:21:41 INFO  : Context for processor 'ps7_cortexa9_0' is selected.
23:21:41 INFO  : The application 'G:/myLab/SDK/NEON/Neon/Debug/Neon.elf' is downloaded to processor 'ps7_cortexa9_0'.
23:21:41 INFO  : 'configparams force-mem-access 0' command is executed.
23:21:41 INFO  : ----------------XSDB Script----------------
connect -url tcp:127.0.0.1:3121
source G:/myLab/SDK/NEON/zed_hw_platform/ps7_init.tcl
targets -set -nocase -filter {name =~"APU*" && jtag_cable_name =~ "Platform Cable USB II 000018eaf66101"} -index 0
loadhw -hw G:/myLab/SDK/NEON/zed_hw_platform/system.hdf -mem-ranges [list {0x40000000 0xbfffffff}]
configparams force-mem-access 1
targets -set -nocase -filter {name =~"APU*" && jtag_cable_name =~ "Platform Cable USB II 000018eaf66101"} -index 0
stop
ps7_init
targets -set -nocase -filter {name =~ "ARM*#0" && jtag_cable_name =~ "Platform Cable USB II 000018eaf66101"} -index 0
rst -processor
targets -set -nocase -filter {name =~ "ARM*#0" && jtag_cable_name =~ "Platform Cable USB II 000018eaf66101"} -index 0
dow G:/myLab/SDK/NEON/Neon/Debug/Neon.elf
configparams force-mem-access 0
----------------End of Script----------------

23:21:42 INFO  : Context for processor 'ps7_cortexa9_0' is selected.
23:21:42 INFO  : 'con' command is executed.
23:21:42 INFO  : ----------------XSDB Script (After Launch)----------------
targets -set -nocase -filter {name =~ "ARM*#0" && jtag_cable_name =~ "Platform Cable USB II 000018eaf66101"} -index 0
con
----------------End of Script----------------

23:21:42 INFO  : Launch script is exported to file 'G:\myLab\SDK\NEON\.sdk\launch_scripts\xilinx_c-c++_application_(system_debugger)\system_debugger_on_local.tcl'
23:21:53 INFO  : Disconnected from the channel tcfchan#20.
23:23:11 INFO  : Connected to target on host '127.0.0.1' and port '3121'.
23:23:12 INFO  : Jtag cable 'Platform Cable USB II 000018eaf66101' is selected.
23:23:12 INFO  : 'jtag frequency' command is executed.
23:23:12 INFO  : Sourcing of 'G:/myLab/SDK/NEON/zed_hw_platform/ps7_init.tcl' is done.
23:23:12 INFO  : Context for 'APU' is selected.
23:23:15 INFO  : Hardware design information is loaded from 'G:/myLab/SDK/NEON/zed_hw_platform/system.hdf'.
23:23:15 INFO  : 'configparams force-mem-access 1' command is executed.
23:23:15 INFO  : Context for 'APU' is selected.
23:23:15 INFO  : 'stop' command is executed.
23:23:16 INFO  : 'ps7_init' command is executed.
23:23:16 INFO  : Context for processor 'ps7_cortexa9_0' is selected.
23:23:16 INFO  : Processor reset is completed for 'ps7_cortexa9_0'.
23:23:16 INFO  : Context for processor 'ps7_cortexa9_0' is selected.
23:23:17 INFO  : The application 'G:/myLab/SDK/NEON/Neon/Debug/Neon.elf' is downloaded to processor 'ps7_cortexa9_0'.
23:23:17 INFO  : 'configparams force-mem-access 0' command is executed.
23:23:17 INFO  : ----------------XSDB Script----------------
connect -url tcp:127.0.0.1:3121
source G:/myLab/SDK/NEON/zed_hw_platform/ps7_init.tcl
targets -set -nocase -filter {name =~"APU*" && jtag_cable_name =~ "Platform Cable USB II 000018eaf66101"} -index 0
loadhw -hw G:/myLab/SDK/NEON/zed_hw_platform/system.hdf -mem-ranges [list {0x40000000 0xbfffffff}]
configparams force-mem-access 1
targets -set -nocase -filter {name =~"APU*" && jtag_cable_name =~ "Platform Cable USB II 000018eaf66101"} -index 0
stop
ps7_init
targets -set -nocase -filter {name =~ "ARM*#0" && jtag_cable_name =~ "Platform Cable USB II 000018eaf66101"} -index 0
rst -processor
targets -set -nocase -filter {name =~ "ARM*#0" && jtag_cable_name =~ "Platform Cable USB II 000018eaf66101"} -index 0
dow G:/myLab/SDK/NEON/Neon/Debug/Neon.elf
configparams force-mem-access 0
----------------End of Script----------------

23:23:17 INFO  : Context for processor 'ps7_cortexa9_0' is selected.
23:23:17 INFO  : 'con' command is executed.
23:23:17 INFO  : ----------------XSDB Script (After Launch)----------------
targets -set -nocase -filter {name =~ "ARM*#0" && jtag_cable_name =~ "Platform Cable USB II 000018eaf66101"} -index 0
con
----------------End of Script----------------

23:23:17 INFO  : Launch script is exported to file 'G:\myLab\SDK\NEON\.sdk\launch_scripts\xilinx_c-c++_application_(system_debugger)\system_debugger_on_local.tcl'
23:23:44 INFO  : Disconnected from the channel tcfchan#21.
23:24:14 INFO  : Connected to target on host '127.0.0.1' and port '3121'.
23:24:16 INFO  : Jtag cable 'Platform Cable USB II 000018eaf66101' is selected.
23:24:16 INFO  : 'jtag frequency' command is executed.
23:24:16 INFO  : Sourcing of 'G:/myLab/SDK/NEON/zed_hw_platform/ps7_init.tcl' is done.
23:24:16 INFO  : Context for 'APU' is selected.
23:24:19 INFO  : Hardware design information is loaded from 'G:/myLab/SDK/NEON/zed_hw_platform/system.hdf'.
23:24:19 INFO  : 'configparams force-mem-access 1' command is executed.
23:24:19 INFO  : Context for 'APU' is selected.
23:24:19 INFO  : 'stop' command is executed.
23:24:20 INFO  : 'ps7_init' command is executed.
23:24:20 INFO  : Context for processor 'ps7_cortexa9_0' is selected.
23:24:20 INFO  : Processor reset is completed for 'ps7_cortexa9_0'.
23:24:20 INFO  : Context for processor 'ps7_cortexa9_0' is selected.
23:24:21 INFO  : The application 'G:/myLab/SDK/NEON/Neon/Debug/Neon.elf' is downloaded to processor 'ps7_cortexa9_0'.
23:24:21 INFO  : 'configparams force-mem-access 0' command is executed.
23:24:21 INFO  : ----------------XSDB Script----------------
connect -url tcp:127.0.0.1:3121
source G:/myLab/SDK/NEON/zed_hw_platform/ps7_init.tcl
targets -set -nocase -filter {name =~"APU*" && jtag_cable_name =~ "Platform Cable USB II 000018eaf66101"} -index 0
loadhw -hw G:/myLab/SDK/NEON/zed_hw_platform/system.hdf -mem-ranges [list {0x40000000 0xbfffffff}]
configparams force-mem-access 1
targets -set -nocase -filter {name =~"APU*" && jtag_cable_name =~ "Platform Cable USB II 000018eaf66101"} -index 0
stop
ps7_init
targets -set -nocase -filter {name =~ "ARM*#0" && jtag_cable_name =~ "Platform Cable USB II 000018eaf66101"} -index 0
rst -processor
targets -set -nocase -filter {name =~ "ARM*#0" && jtag_cable_name =~ "Platform Cable USB II 000018eaf66101"} -index 0
dow G:/myLab/SDK/NEON/Neon/Debug/Neon.elf
configparams force-mem-access 0
----------------End of Script----------------

23:24:21 INFO  : Context for processor 'ps7_cortexa9_0' is selected.
23:24:21 INFO  : 'con' command is executed.
23:24:21 INFO  : ----------------XSDB Script (After Launch)----------------
targets -set -nocase -filter {name =~ "ARM*#0" && jtag_cable_name =~ "Platform Cable USB II 000018eaf66101"} -index 0
con
----------------End of Script----------------

23:24:21 INFO  : Launch script is exported to file 'G:\myLab\SDK\NEON\.sdk\launch_scripts\xilinx_c-c++_application_(system_debugger)\system_debugger_on_local.tcl'
23:26:15 INFO  : Disconnected from the channel tcfchan#22.
23:26:47 INFO  : Connected to target on host '127.0.0.1' and port '3121'.
23:26:48 INFO  : Jtag cable 'Platform Cable USB II 000018eaf66101' is selected.
23:26:48 INFO  : 'jtag frequency' command is executed.
23:26:48 INFO  : Sourcing of 'G:/myLab/SDK/NEON/zed_hw_platform/ps7_init.tcl' is done.
23:26:48 INFO  : Context for 'APU' is selected.
23:26:52 INFO  : Hardware design information is loaded from 'G:/myLab/SDK/NEON/zed_hw_platform/system.hdf'.
23:26:52 INFO  : 'configparams force-mem-access 1' command is executed.
23:26:52 INFO  : Context for 'APU' is selected.
23:26:52 INFO  : 'stop' command is executed.
23:26:53 INFO  : 'ps7_init' command is executed.
23:26:53 INFO  : Context for processor 'ps7_cortexa9_0' is selected.
23:26:53 INFO  : Processor reset is completed for 'ps7_cortexa9_0'.
23:26:53 INFO  : Context for processor 'ps7_cortexa9_0' is selected.
23:26:54 INFO  : The application 'G:/myLab/SDK/NEON/Neon/Debug/Neon.elf' is downloaded to processor 'ps7_cortexa9_0'.
23:26:54 INFO  : 'configparams force-mem-access 0' command is executed.
23:26:54 INFO  : ----------------XSDB Script----------------
connect -url tcp:127.0.0.1:3121
source G:/myLab/SDK/NEON/zed_hw_platform/ps7_init.tcl
targets -set -nocase -filter {name =~"APU*" && jtag_cable_name =~ "Platform Cable USB II 000018eaf66101"} -index 0
loadhw -hw G:/myLab/SDK/NEON/zed_hw_platform/system.hdf -mem-ranges [list {0x40000000 0xbfffffff}]
configparams force-mem-access 1
targets -set -nocase -filter {name =~"APU*" && jtag_cable_name =~ "Platform Cable USB II 000018eaf66101"} -index 0
stop
ps7_init
targets -set -nocase -filter {name =~ "ARM*#0" && jtag_cable_name =~ "Platform Cable USB II 000018eaf66101"} -index 0
rst -processor
targets -set -nocase -filter {name =~ "ARM*#0" && jtag_cable_name =~ "Platform Cable USB II 000018eaf66101"} -index 0
dow G:/myLab/SDK/NEON/Neon/Debug/Neon.elf
configparams force-mem-access 0
----------------End of Script----------------

23:26:54 INFO  : Context for processor 'ps7_cortexa9_0' is selected.
23:26:54 INFO  : 'con' command is executed.
23:26:54 INFO  : ----------------XSDB Script (After Launch)----------------
targets -set -nocase -filter {name =~ "ARM*#0" && jtag_cable_name =~ "Platform Cable USB II 000018eaf66101"} -index 0
con
----------------End of Script----------------

23:26:54 INFO  : Launch script is exported to file 'G:\myLab\SDK\NEON\.sdk\launch_scripts\xilinx_c-c++_application_(system_debugger)\system_debugger_on_local.tcl'
23:27:35 INFO  : Disconnected from the channel tcfchan#23.
23:32:13 INFO  : Connected to target on host '127.0.0.1' and port '3121'.
23:32:14 INFO  : Jtag cable 'Platform Cable USB II 000018eaf66101' is selected.
23:32:14 INFO  : 'jtag frequency' command is executed.
23:32:14 INFO  : Sourcing of 'G:/myLab/SDK/NEON/zed_hw_platform/ps7_init.tcl' is done.
23:32:14 INFO  : Context for 'APU' is selected.
23:32:18 INFO  : Hardware design information is loaded from 'G:/myLab/SDK/NEON/zed_hw_platform/system.hdf'.
23:32:18 INFO  : 'configparams force-mem-access 1' command is executed.
23:32:18 INFO  : Context for 'APU' is selected.
23:32:18 INFO  : 'stop' command is executed.
23:32:19 INFO  : 'ps7_init' command is executed.
23:32:19 INFO  : Context for processor 'ps7_cortexa9_0' is selected.
23:32:19 INFO  : Processor reset is completed for 'ps7_cortexa9_0'.
23:32:19 INFO  : Context for processor 'ps7_cortexa9_0' is selected.
23:32:20 INFO  : The application 'G:/myLab/SDK/NEON/Neon/Debug/Neon.elf' is downloaded to processor 'ps7_cortexa9_0'.
23:32:20 INFO  : 'configparams force-mem-access 0' command is executed.
23:32:20 INFO  : ----------------XSDB Script----------------
connect -url tcp:127.0.0.1:3121
source G:/myLab/SDK/NEON/zed_hw_platform/ps7_init.tcl
targets -set -nocase -filter {name =~"APU*" && jtag_cable_name =~ "Platform Cable USB II 000018eaf66101"} -index 0
loadhw -hw G:/myLab/SDK/NEON/zed_hw_platform/system.hdf -mem-ranges [list {0x40000000 0xbfffffff}]
configparams force-mem-access 1
targets -set -nocase -filter {name =~"APU*" && jtag_cable_name =~ "Platform Cable USB II 000018eaf66101"} -index 0
stop
ps7_init
targets -set -nocase -filter {name =~ "ARM*#0" && jtag_cable_name =~ "Platform Cable USB II 000018eaf66101"} -index 0
rst -processor
targets -set -nocase -filter {name =~ "ARM*#0" && jtag_cable_name =~ "Platform Cable USB II 000018eaf66101"} -index 0
dow G:/myLab/SDK/NEON/Neon/Debug/Neon.elf
configparams force-mem-access 0
----------------End of Script----------------

23:32:20 INFO  : Context for processor 'ps7_cortexa9_0' is selected.
23:32:20 INFO  : 'con' command is executed.
23:32:20 INFO  : ----------------XSDB Script (After Launch)----------------
targets -set -nocase -filter {name =~ "ARM*#0" && jtag_cable_name =~ "Platform Cable USB II 000018eaf66101"} -index 0
con
----------------End of Script----------------

23:32:20 INFO  : Launch script is exported to file 'G:\myLab\SDK\NEON\.sdk\launch_scripts\xilinx_c-c++_application_(system_debugger)\system_debugger_on_local.tcl'
23:32:26 INFO  : Disconnected from the channel tcfchan#24.
23:32:41 INFO  : Connected to target on host '127.0.0.1' and port '3121'.
23:32:43 INFO  : Jtag cable 'Platform Cable USB II 000018eaf66101' is selected.
23:32:43 INFO  : 'jtag frequency' command is executed.
23:32:43 INFO  : Sourcing of 'G:/myLab/SDK/NEON/zed_hw_platform/ps7_init.tcl' is done.
23:32:43 INFO  : Context for 'APU' is selected.
23:32:47 INFO  : Hardware design information is loaded from 'G:/myLab/SDK/NEON/zed_hw_platform/system.hdf'.
23:32:47 INFO  : 'configparams force-mem-access 1' command is executed.
23:32:47 INFO  : Context for 'APU' is selected.
23:32:47 INFO  : 'stop' command is executed.
23:32:48 INFO  : 'ps7_init' command is executed.
23:32:48 INFO  : Context for processor 'ps7_cortexa9_0' is selected.
23:32:48 INFO  : Processor reset is completed for 'ps7_cortexa9_0'.
23:32:48 INFO  : Context for processor 'ps7_cortexa9_0' is selected.
23:32:49 INFO  : The application 'G:/myLab/SDK/NEON/Neon/Debug/Neon.elf' is downloaded to processor 'ps7_cortexa9_0'.
23:32:49 INFO  : 'configparams force-mem-access 0' command is executed.
23:32:49 INFO  : ----------------XSDB Script----------------
connect -url tcp:127.0.0.1:3121
source G:/myLab/SDK/NEON/zed_hw_platform/ps7_init.tcl
targets -set -nocase -filter {name =~"APU*" && jtag_cable_name =~ "Platform Cable USB II 000018eaf66101"} -index 0
loadhw -hw G:/myLab/SDK/NEON/zed_hw_platform/system.hdf -mem-ranges [list {0x40000000 0xbfffffff}]
configparams force-mem-access 1
targets -set -nocase -filter {name =~"APU*" && jtag_cable_name =~ "Platform Cable USB II 000018eaf66101"} -index 0
stop
ps7_init
targets -set -nocase -filter {name =~ "ARM*#0" && jtag_cable_name =~ "Platform Cable USB II 000018eaf66101"} -index 0
rst -processor
targets -set -nocase -filter {name =~ "ARM*#0" && jtag_cable_name =~ "Platform Cable USB II 000018eaf66101"} -index 0
dow G:/myLab/SDK/NEON/Neon/Debug/Neon.elf
configparams force-mem-access 0
----------------End of Script----------------

23:32:49 INFO  : Context for processor 'ps7_cortexa9_0' is selected.
23:32:49 INFO  : 'con' command is executed.
23:32:49 INFO  : ----------------XSDB Script (After Launch)----------------
targets -set -nocase -filter {name =~ "ARM*#0" && jtag_cable_name =~ "Platform Cable USB II 000018eaf66101"} -index 0
con
----------------End of Script----------------

23:32:49 INFO  : Launch script is exported to file 'G:\myLab\SDK\NEON\.sdk\launch_scripts\xilinx_c-c++_application_(system_debugger)\system_debugger_on_local.tcl'
23:32:54 INFO  : Disconnected from the channel tcfchan#25.
23:38:53 INFO  : Connected to target on host '127.0.0.1' and port '3121'.
23:38:54 INFO  : Jtag cable 'Platform Cable USB II 000018eaf66101' is selected.
23:38:54 INFO  : 'jtag frequency' command is executed.
23:38:54 INFO  : Sourcing of 'G:/myLab/SDK/NEON/zed_hw_platform/ps7_init.tcl' is done.
23:38:54 INFO  : Context for 'APU' is selected.
23:38:57 INFO  : Hardware design information is loaded from 'G:/myLab/SDK/NEON/zed_hw_platform/system.hdf'.
23:38:57 INFO  : 'configparams force-mem-access 1' command is executed.
23:38:57 INFO  : Context for 'APU' is selected.
23:38:57 INFO  : 'stop' command is executed.
23:38:58 INFO  : 'ps7_init' command is executed.
23:38:58 INFO  : Context for processor 'ps7_cortexa9_0' is selected.
23:38:58 INFO  : Processor reset is completed for 'ps7_cortexa9_0'.
23:38:59 INFO  : Context for processor 'ps7_cortexa9_0' is selected.
23:38:59 INFO  : The application 'G:/myLab/SDK/NEON/Neon/Debug/Neon.elf' is downloaded to processor 'ps7_cortexa9_0'.
23:38:59 INFO  : 'configparams force-mem-access 0' command is executed.
23:38:59 INFO  : ----------------XSDB Script----------------
connect -url tcp:127.0.0.1:3121
source G:/myLab/SDK/NEON/zed_hw_platform/ps7_init.tcl
targets -set -nocase -filter {name =~"APU*" && jtag_cable_name =~ "Platform Cable USB II 000018eaf66101"} -index 0
loadhw -hw G:/myLab/SDK/NEON/zed_hw_platform/system.hdf -mem-ranges [list {0x40000000 0xbfffffff}]
configparams force-mem-access 1
targets -set -nocase -filter {name =~"APU*" && jtag_cable_name =~ "Platform Cable USB II 000018eaf66101"} -index 0
stop
ps7_init
targets -set -nocase -filter {name =~ "ARM*#0" && jtag_cable_name =~ "Platform Cable USB II 000018eaf66101"} -index 0
rst -processor
targets -set -nocase -filter {name =~ "ARM*#0" && jtag_cable_name =~ "Platform Cable USB II 000018eaf66101"} -index 0
dow G:/myLab/SDK/NEON/Neon/Debug/Neon.elf
configparams force-mem-access 0
----------------End of Script----------------

23:38:59 INFO  : Context for processor 'ps7_cortexa9_0' is selected.
23:39:00 INFO  : 'con' command is executed.
23:39:00 INFO  : ----------------XSDB Script (After Launch)----------------
targets -set -nocase -filter {name =~ "ARM*#0" && jtag_cable_name =~ "Platform Cable USB II 000018eaf66101"} -index 0
con
----------------End of Script----------------

23:39:00 INFO  : Launch script is exported to file 'G:\myLab\SDK\NEON\.sdk\launch_scripts\xilinx_c-c++_application_(system_debugger)\system_debugger_on_local.tcl'
23:39:49 INFO  : Disconnected from the channel tcfchan#26.
23:40:55 INFO  : Connected to target on host '127.0.0.1' and port '3121'.
23:40:56 INFO  : Jtag cable 'Platform Cable USB II 000018eaf66101' is selected.
23:40:56 INFO  : 'jtag frequency' command is executed.
23:40:56 INFO  : Sourcing of 'G:/myLab/SDK/NEON/zed_hw_platform/ps7_init.tcl' is done.
23:40:56 INFO  : Context for 'APU' is selected.
23:41:00 INFO  : Hardware design information is loaded from 'G:/myLab/SDK/NEON/zed_hw_platform/system.hdf'.
23:41:00 INFO  : 'configparams force-mem-access 1' command is executed.
23:41:00 INFO  : Context for 'APU' is selected.
23:41:00 INFO  : 'stop' command is executed.
23:41:01 INFO  : 'ps7_init' command is executed.
23:41:01 INFO  : Context for processor 'ps7_cortexa9_0' is selected.
23:41:01 INFO  : Processor reset is completed for 'ps7_cortexa9_0'.
23:41:01 INFO  : Context for processor 'ps7_cortexa9_0' is selected.
23:41:02 INFO  : The application 'G:/myLab/SDK/NEON/Neon/Debug/Neon.elf' is downloaded to processor 'ps7_cortexa9_0'.
23:41:02 INFO  : 'configparams force-mem-access 0' command is executed.
23:41:02 INFO  : ----------------XSDB Script----------------
connect -url tcp:127.0.0.1:3121
source G:/myLab/SDK/NEON/zed_hw_platform/ps7_init.tcl
targets -set -nocase -filter {name =~"APU*" && jtag_cable_name =~ "Platform Cable USB II 000018eaf66101"} -index 0
loadhw -hw G:/myLab/SDK/NEON/zed_hw_platform/system.hdf -mem-ranges [list {0x40000000 0xbfffffff}]
configparams force-mem-access 1
targets -set -nocase -filter {name =~"APU*" && jtag_cable_name =~ "Platform Cable USB II 000018eaf66101"} -index 0
stop
ps7_init
targets -set -nocase -filter {name =~ "ARM*#0" && jtag_cable_name =~ "Platform Cable USB II 000018eaf66101"} -index 0
rst -processor
targets -set -nocase -filter {name =~ "ARM*#0" && jtag_cable_name =~ "Platform Cable USB II 000018eaf66101"} -index 0
dow G:/myLab/SDK/NEON/Neon/Debug/Neon.elf
configparams force-mem-access 0
----------------End of Script----------------

23:41:02 INFO  : Context for processor 'ps7_cortexa9_0' is selected.
23:41:02 INFO  : 'con' command is executed.
23:41:02 INFO  : ----------------XSDB Script (After Launch)----------------
targets -set -nocase -filter {name =~ "ARM*#0" && jtag_cable_name =~ "Platform Cable USB II 000018eaf66101"} -index 0
con
----------------End of Script----------------

23:41:02 INFO  : Launch script is exported to file 'G:\myLab\SDK\NEON\.sdk\launch_scripts\xilinx_c-c++_application_(system_debugger)\system_debugger_on_local.tcl'
23:41:21 INFO  : Disconnected from the channel tcfchan#27.
23:41:37 INFO  : Connected to target on host '127.0.0.1' and port '3121'.
23:41:38 INFO  : Jtag cable 'Platform Cable USB II 000018eaf66101' is selected.
23:41:38 INFO  : 'jtag frequency' command is executed.
23:41:38 INFO  : Sourcing of 'G:/myLab/SDK/NEON/zed_hw_platform/ps7_init.tcl' is done.
23:41:38 INFO  : Context for 'APU' is selected.
23:41:41 INFO  : Hardware design information is loaded from 'G:/myLab/SDK/NEON/zed_hw_platform/system.hdf'.
23:41:41 INFO  : 'configparams force-mem-access 1' command is executed.
23:41:42 INFO  : Context for 'APU' is selected.
23:41:42 INFO  : 'stop' command is executed.
23:41:43 INFO  : 'ps7_init' command is executed.
23:41:43 INFO  : Context for processor 'ps7_cortexa9_0' is selected.
23:41:43 INFO  : Processor reset is completed for 'ps7_cortexa9_0'.
23:41:43 INFO  : Context for processor 'ps7_cortexa9_0' is selected.
23:41:43 INFO  : The application 'G:/myLab/SDK/NEON/Neon/Debug/Neon.elf' is downloaded to processor 'ps7_cortexa9_0'.
23:41:43 INFO  : 'configparams force-mem-access 0' command is executed.
23:41:43 INFO  : ----------------XSDB Script----------------
connect -url tcp:127.0.0.1:3121
source G:/myLab/SDK/NEON/zed_hw_platform/ps7_init.tcl
targets -set -nocase -filter {name =~"APU*" && jtag_cable_name =~ "Platform Cable USB II 000018eaf66101"} -index 0
loadhw -hw G:/myLab/SDK/NEON/zed_hw_platform/system.hdf -mem-ranges [list {0x40000000 0xbfffffff}]
configparams force-mem-access 1
targets -set -nocase -filter {name =~"APU*" && jtag_cable_name =~ "Platform Cable USB II 000018eaf66101"} -index 0
stop
ps7_init
targets -set -nocase -filter {name =~ "ARM*#0" && jtag_cable_name =~ "Platform Cable USB II 000018eaf66101"} -index 0
rst -processor
targets -set -nocase -filter {name =~ "ARM*#0" && jtag_cable_name =~ "Platform Cable USB II 000018eaf66101"} -index 0
dow G:/myLab/SDK/NEON/Neon/Debug/Neon.elf
configparams force-mem-access 0
----------------End of Script----------------

23:41:44 INFO  : Context for processor 'ps7_cortexa9_0' is selected.
23:41:44 INFO  : 'con' command is executed.
23:41:44 INFO  : ----------------XSDB Script (After Launch)----------------
targets -set -nocase -filter {name =~ "ARM*#0" && jtag_cable_name =~ "Platform Cable USB II 000018eaf66101"} -index 0
con
----------------End of Script----------------

23:41:44 INFO  : Launch script is exported to file 'G:\myLab\SDK\NEON\.sdk\launch_scripts\xilinx_c-c++_application_(system_debugger)\system_debugger_on_local.tcl'
23:41:49 INFO  : Disconnected from the channel tcfchan#28.
23:42:21 INFO  : Connected to target on host '127.0.0.1' and port '3121'.
23:42:22 INFO  : Jtag cable 'Platform Cable USB II 000018eaf66101' is selected.
23:42:22 INFO  : 'jtag frequency' command is executed.
23:42:22 INFO  : Sourcing of 'G:/myLab/SDK/NEON/zed_hw_platform/ps7_init.tcl' is done.
23:42:22 INFO  : Context for 'APU' is selected.
23:42:26 INFO  : Hardware design information is loaded from 'G:/myLab/SDK/NEON/zed_hw_platform/system.hdf'.
23:42:26 INFO  : 'configparams force-mem-access 1' command is executed.
23:42:26 INFO  : Context for 'APU' is selected.
23:42:26 INFO  : 'stop' command is executed.
23:42:26 INFO  : 'ps7_init' command is executed.
23:42:27 INFO  : Context for processor 'ps7_cortexa9_0' is selected.
23:42:27 INFO  : Processor reset is completed for 'ps7_cortexa9_0'.
23:42:27 INFO  : Context for processor 'ps7_cortexa9_0' is selected.
23:42:27 INFO  : The application 'G:/myLab/SDK/NEON/Neon/Debug/Neon.elf' is downloaded to processor 'ps7_cortexa9_0'.
23:42:27 INFO  : 'configparams force-mem-access 0' command is executed.
23:42:27 INFO  : ----------------XSDB Script----------------
connect -url tcp:127.0.0.1:3121
source G:/myLab/SDK/NEON/zed_hw_platform/ps7_init.tcl
targets -set -nocase -filter {name =~"APU*" && jtag_cable_name =~ "Platform Cable USB II 000018eaf66101"} -index 0
loadhw -hw G:/myLab/SDK/NEON/zed_hw_platform/system.hdf -mem-ranges [list {0x40000000 0xbfffffff}]
configparams force-mem-access 1
targets -set -nocase -filter {name =~"APU*" && jtag_cable_name =~ "Platform Cable USB II 000018eaf66101"} -index 0
stop
ps7_init
targets -set -nocase -filter {name =~ "ARM*#0" && jtag_cable_name =~ "Platform Cable USB II 000018eaf66101"} -index 0
rst -processor
targets -set -nocase -filter {name =~ "ARM*#0" && jtag_cable_name =~ "Platform Cable USB II 000018eaf66101"} -index 0
dow G:/myLab/SDK/NEON/Neon/Debug/Neon.elf
configparams force-mem-access 0
----------------End of Script----------------

23:42:28 INFO  : Context for processor 'ps7_cortexa9_0' is selected.
23:42:28 INFO  : 'con' command is executed.
23:42:28 INFO  : ----------------XSDB Script (After Launch)----------------
targets -set -nocase -filter {name =~ "ARM*#0" && jtag_cable_name =~ "Platform Cable USB II 000018eaf66101"} -index 0
con
----------------End of Script----------------

23:42:28 INFO  : Launch script is exported to file 'G:\myLab\SDK\NEON\.sdk\launch_scripts\xilinx_c-c++_application_(system_debugger)\system_debugger_on_local.tcl'
23:42:46 INFO  : Disconnected from the channel tcfchan#29.
23:48:42 INFO  : Connected to target on host '127.0.0.1' and port '3121'.
23:48:43 INFO  : Jtag cable 'Platform Cable USB II 000018eaf66101' is selected.
23:48:43 INFO  : 'jtag frequency' command is executed.
23:48:43 INFO  : Sourcing of 'G:/myLab/SDK/NEON/zed_hw_platform/ps7_init.tcl' is done.
23:48:43 INFO  : Context for 'APU' is selected.
23:48:46 INFO  : Hardware design information is loaded from 'G:/myLab/SDK/NEON/zed_hw_platform/system.hdf'.
23:48:46 INFO  : 'configparams force-mem-access 1' command is executed.
23:48:46 INFO  : Context for 'APU' is selected.
23:48:46 INFO  : 'stop' command is executed.
23:48:47 INFO  : 'ps7_init' command is executed.
23:48:47 INFO  : Context for processor 'ps7_cortexa9_0' is selected.
23:48:47 INFO  : Processor reset is completed for 'ps7_cortexa9_0'.
23:48:47 INFO  : Context for processor 'ps7_cortexa9_0' is selected.
23:48:48 INFO  : The application 'G:/myLab/SDK/NEON/Neon/Debug/Neon.elf' is downloaded to processor 'ps7_cortexa9_0'.
23:48:48 INFO  : 'configparams force-mem-access 0' command is executed.
23:48:48 INFO  : ----------------XSDB Script----------------
connect -url tcp:127.0.0.1:3121
source G:/myLab/SDK/NEON/zed_hw_platform/ps7_init.tcl
targets -set -nocase -filter {name =~"APU*" && jtag_cable_name =~ "Platform Cable USB II 000018eaf66101"} -index 0
loadhw -hw G:/myLab/SDK/NEON/zed_hw_platform/system.hdf -mem-ranges [list {0x40000000 0xbfffffff}]
configparams force-mem-access 1
targets -set -nocase -filter {name =~"APU*" && jtag_cable_name =~ "Platform Cable USB II 000018eaf66101"} -index 0
stop
ps7_init
targets -set -nocase -filter {name =~ "ARM*#0" && jtag_cable_name =~ "Platform Cable USB II 000018eaf66101"} -index 0
rst -processor
targets -set -nocase -filter {name =~ "ARM*#0" && jtag_cable_name =~ "Platform Cable USB II 000018eaf66101"} -index 0
dow G:/myLab/SDK/NEON/Neon/Debug/Neon.elf
configparams force-mem-access 0
----------------End of Script----------------

23:48:48 INFO  : Context for processor 'ps7_cortexa9_0' is selected.
23:48:48 INFO  : 'con' command is executed.
23:48:48 INFO  : ----------------XSDB Script (After Launch)----------------
targets -set -nocase -filter {name =~ "ARM*#0" && jtag_cable_name =~ "Platform Cable USB II 000018eaf66101"} -index 0
con
----------------End of Script----------------

23:48:48 INFO  : Launch script is exported to file 'G:\myLab\SDK\NEON\.sdk\launch_scripts\xilinx_c-c++_application_(system_debugger)\system_debugger_on_local.tcl'
23:49:05 INFO  : Disconnected from the channel tcfchan#30.
19:59:32 INFO  : Registering command handlers for SDK TCF services
19:59:39 INFO  : Launching XSCT server: xsct.bat -interactive G:\myLab\SDK\NEON\temp_xsdb_launch_script.tcl
19:59:51 INFO  : XSCT server has started successfully.
19:59:51 INFO  : Successfully done setting XSCT server connection channel  
20:00:15 INFO  : Successfully done setting SDK workspace  
15:00:00 INFO  : Registering command handlers for SDK TCF services
15:00:05 INFO  : Launching XSCT server: xsct.bat -interactive G:\myLab\SDK\NEON\temp_xsdb_launch_script.tcl
15:00:16 INFO  : XSCT server has started successfully.
15:00:16 INFO  : Successfully done setting XSCT server connection channel  
15:00:38 INFO  : Successfully done setting SDK workspace  
19:50:13 INFO  : Registering command handlers for SDK TCF services
19:50:18 INFO  : Launching XSCT server: xsct.bat -interactive G:\myLab\SDK\NEON\temp_xsdb_launch_script.tcl
19:50:26 INFO  : XSCT server has started successfully.
19:50:42 INFO  : Successfully done setting XSCT server connection channel  
19:50:42 INFO  : Successfully done setting SDK workspace  
20:07:00 INFO  : Registering command handlers for SDK TCF services
20:07:03 INFO  : Launching XSCT server: xsct.bat -interactive G:\myLab\SDK\NEON\temp_xsdb_launch_script.tcl
20:07:15 INFO  : XSCT server has started successfully.
20:07:17 INFO  : Successfully done setting XSCT server connection channel  
20:07:18 INFO  : Successfully done setting SDK workspace  
